<!DOCTYPE html PUBLIC "-//W3C//DTD XHTML 1.1//EN" "http://www.w3.org/TR/xhtml11/DTD/xhtml11.dtd">
<html xmlns="http://www.w3.org/1999/xhtml"><head><title>TestNG Report</title><style type="text/css">table {margin-bottom:10px;border-collapse:collapse;empty-cells:show}th,td {border:1px solid #009;padding:.25em .5em}th {vertical-align:bottom}td {vertical-align:top}table a {font-weight:bold}.stripe td {background-color: #E6EBF9}.num {text-align:right}.passedodd td {background-color: #3F3}.passedeven td {background-color: #0A0}.skippedodd td {background-color: #DDD}.skippedeven td {background-color: #CCC}.failedodd td,.attn {background-color: #F33}.failedeven td,.stripe .attn {background-color: #D00}.stacktrace {white-space:pre;font-family:monospace}.totop {font-size:85%;text-align:center;border-bottom:2px solid #000}</style></head><body><table><tr><th>Test</th><th># Passed</th><th># Skipped</th><th># Failed</th><th>Time (ms)</th><th>Included Groups</th><th>Excluded Groups</th></tr><tr><th colspan="7">Suite</th></tr><tr><td><a href="#t0">ChromeTest</a></td><td class="num">39</td><td class="num attn">19</td><td class="num attn">32</td><td class="num">859,113</td><td></td><td></td></tr></table><table><thead><tr><th>Class</th><th>Method</th><th>Start</th><th>Time (ms)</th></tr></thead><tbody><tr><th colspan="4">Suite</th></tr></tbody><tbody id="t0"><tr><th colspan="4">ChromeTest &#8212; failed (configuration methods)</th></tr><tr class="failedeven"><td rowspan="1">article.TM_Article_001</td><td><a href="#m0">tearDown</a></td><td rowspan="1">1438219338198</td><td rowspan="1">0</td></tr><tr class="failedodd"><td rowspan="1">banners.TM_Banners_001</td><td><a href="#m1">tearDown</a></td><td rowspan="1">1438219603420</td><td rowspan="1">0</td></tr><tr class="failedeven"><td rowspan="1">banners.TM_Banners_002</td><td><a href="#m2">tearDown</a></td><td rowspan="1">1438219618129</td><td rowspan="1">0</td></tr><tr class="failedodd"><td rowspan="1">banners.TM_Banners_003</td><td><a href="#m3">tearDown</a></td><td rowspan="1">1438219642713</td><td rowspan="1">0</td></tr><tr class="failedeven"><td rowspan="1">banners.TM_Banners_004</td><td><a href="#m4">tearDown</a></td><td rowspan="1">1438219658976</td><td rowspan="1">0</td></tr><tr class="failedodd"><td rowspan="1">banners.TM_Banners_005</td><td><a href="#m5">tearDown</a></td><td rowspan="1">1438219683234</td><td rowspan="1">0</td></tr><tr class="failedeven"><td rowspan="1">banners.TM_Banners_006</td><td><a href="#m6">tearDown</a></td><td rowspan="1">1438219707363</td><td rowspan="1">0</td></tr><tr class="failedodd"><td rowspan="1">banners.TM_Banners_007</td><td><a href="#m7">tearDown</a></td><td rowspan="1">1438219725771</td><td rowspan="1">0</td></tr><tr class="failedeven"><td rowspan="1">banners.TM_Banners_008</td><td><a href="#m8">tearDown</a></td><td rowspan="1">1438219755435</td><td rowspan="1">0</td></tr><tr class="failedodd"><td rowspan="1">categorymanager.TM_CategoryManager_004</td><td><a href="#m9">tearDown</a></td><td rowspan="1">1438220107189</td><td rowspan="1">0</td></tr><tr class="failedeven"><td rowspan="1">contacts.TM_Contact_001</td><td><a href="#m10">tearDown</a></td><td rowspan="1">1438220113148</td><td rowspan="1">0</td></tr><tr class="failedodd"><td rowspan="2">contacts.TM_Contact_002</td><td><a href="#m11">setup</a></td><td rowspan="1">1438220113169</td><td rowspan="1">0</td></tr><tr class="failedodd"><td><a href="#m12">tearDown</a></td><td rowspan="1">1438220117315</td><td rowspan="1">0</td></tr><tr class="failedeven"><td rowspan="1">contacts.TM_Contact_003</td><td><a href="#m13">tearDown</a></td><td rowspan="1">1438220123157</td><td rowspan="1">0</td></tr><tr class="failedodd"><td rowspan="2">contacts.TM_Contact_004</td><td><a href="#m14">setup</a></td><td rowspan="1">1438220123160</td><td rowspan="1">0</td></tr><tr class="failedodd"><td><a href="#m15">tearDown</a></td><td rowspan="1">1438220127226</td><td rowspan="1">0</td></tr><tr class="failedeven"><td rowspan="2">weblinks.TM_Weblink_001</td><td><a href="#m16">setup</a></td><td rowspan="1">1438220127228</td><td rowspan="1">0</td></tr><tr class="failedeven"><td><a href="#m17">tearDown</a></td><td rowspan="1">1438220131681</td><td rowspan="1">0</td></tr><tr class="failedodd"><td rowspan="1">weblinks.TM_Weblink_002</td><td><a href="#m18">tearDown</a></td><td rowspan="1">1438220135761</td><td rowspan="1">0</td></tr><tr class="failedeven"><td rowspan="2">weblinks.TM_Weblink_003</td><td><a href="#m19">setup</a></td><td rowspan="1">1438220135775</td><td rowspan="1">0</td></tr><tr class="failedeven"><td><a href="#m20">tearDown</a></td><td rowspan="1">1438220140813</td><td rowspan="1">0</td></tr><tr class="failedodd"><td rowspan="2">weblinks.TM_Weblink_004</td><td><a href="#m21">setup</a></td><td rowspan="1">1438220140815</td><td rowspan="1">0</td></tr><tr class="failedodd"><td><a href="#m22">tearDown</a></td><td rowspan="1">1438220144841</td><td rowspan="1">0</td></tr><tr><th colspan="4">ChromeTest &#8212; failed</th></tr><tr class="failedeven"><td rowspan="2">article.TM_Article_001</td><td><a href="#m23">TC_JOOMLA_Article_002</a></td><td rowspan="1">1438219320429</td><td rowspan="1">7592</td></tr><tr class="failedeven"><td><a href="#m24">TC_JOOMLA_Article_009</a></td><td rowspan="1">1438219328069</td><td rowspan="1">10126</td></tr><tr class="failedodd"><td rowspan="3">banners.TM_Banners_001</td><td><a href="#m25">TC_JOOMLA_Banner_001</a></td><td rowspan="1">1438219603394</td><td rowspan="1">0</td></tr><tr class="failedodd"><td><a href="#m26">TC_JOOMLA_Banner_004</a></td><td rowspan="1">1438219603397</td><td rowspan="1">22</td></tr><tr class="failedodd"><td><a href="#m27">TC_JOOMLA_Banner_008</a></td><td rowspan="1">1438219603419</td><td rowspan="1">0</td></tr><tr class="failedeven"><td rowspan="2">banners.TM_Banners_002</td><td><a href="#m28">TC_JOOMLA_Banner_002</a></td><td rowspan="1">1438219618127</td><td rowspan="1">0</td></tr><tr class="failedeven"><td><a href="#m29">TC_JOOMLA_Banner_005</a></td><td rowspan="1">1438219618128</td><td rowspan="1">0</td></tr><tr class="failedodd"><td rowspan="3">banners.TM_Banners_003</td><td><a href="#m30">TC_JOOMLA_Banner_003</a></td><td rowspan="1">1438219642704</td><td rowspan="1">0</td></tr><tr class="failedodd"><td><a href="#m31">TC_JOOMLA_Banner_006</a></td><td rowspan="1">1438219642707</td><td rowspan="1">1</td></tr><tr class="failedodd"><td><a href="#m32">TC_JOOMLA_Banner_007</a></td><td rowspan="1">1438219642708</td><td rowspan="1">0</td></tr><tr class="failedeven"><td rowspan="1">banners.TM_Banners_004</td><td><a href="#m33">TC_JOOMLA_Banner_010</a></td><td rowspan="1">1438219658975</td><td rowspan="1">1</td></tr><tr class="failedodd"><td rowspan="1">banners.TM_Banners_005</td><td><a href="#m34">TC_JOOMLA_Banner_009</a></td><td rowspan="1">1438219683233</td><td rowspan="1">0</td></tr><tr class="failedeven"><td rowspan="1">banners.TM_Banners_006</td><td><a href="#m35">TC_JOOMLA_Banner_011</a></td><td rowspan="1">1438219707363</td><td rowspan="1">0</td></tr><tr class="failedodd"><td rowspan="2">banners.TM_Banners_007</td><td><a href="#m36">TC_JOOMLA_Banner_013</a></td><td rowspan="1">1438219725767</td><td rowspan="1">0</td></tr><tr class="failedodd"><td><a href="#m37">TC_JOOMLA_Banners_012</a></td><td rowspan="1">1438219725769</td><td rowspan="1">1</td></tr><tr class="failedeven"><td rowspan="4">banners.TM_Banners_008</td><td><a href="#m38">TC_JOOMLA_Banner_014</a></td><td rowspan="1">1438219755429</td><td rowspan="1">0</td></tr><tr class="failedeven"><td><a href="#m39">TC_JOOMLA_Banner_015</a></td><td rowspan="1">1438219755431</td><td rowspan="1">0</td></tr><tr class="failedeven"><td><a href="#m40">TC_JOOMLA_Banner_016</a></td><td rowspan="1">1438219755432</td><td rowspan="1">0</td></tr><tr class="failedeven"><td><a href="#m41">TC_JOOMLA_Banner_017</a></td><td rowspan="1">1438219755433</td><td rowspan="1">0</td></tr><tr class="failedodd"><td rowspan="4">categorymanager.TM_CategoryManager_004</td><td><a href="#m42">TC_JOOMLA_CategoryManager_014</a></td><td rowspan="1">1438220081564</td><td rowspan="1">19607</td></tr><tr class="failedodd"><td><a href="#m43">TC_JOOMLA_CategoryManager_015</a></td><td rowspan="1">1438220101176</td><td rowspan="1">2008</td></tr><tr class="failedodd"><td><a href="#m44">TC_JOOMLA_CategoryManager_016</a></td><td rowspan="1">1438220103185</td><td rowspan="1">2002</td></tr><tr class="failedodd"><td><a href="#m45">TC_JOOMLA_CategoryManager_017</a></td><td rowspan="1">1438220105188</td><td rowspan="1">1999</td></tr><tr class="failedeven"><td rowspan="5">contacts.TM_Contact_001</td><td><a href="#m46">TC_JOOMLA_Contact_001</a></td><td rowspan="1">1438220112818</td><td rowspan="1">288</td></tr><tr class="failedeven"><td><a href="#m47">TC_JOOMLA_Contact_002</a></td><td rowspan="1">1438220113108</td><td rowspan="1">35</td></tr><tr class="failedeven"><td><a href="#m48">TC_JOOMLA_Contact_005</a></td><td rowspan="1">1438220113144</td><td rowspan="1">0</td></tr><tr class="failedeven"><td><a href="#m49">TC_JOOMLA_Contact_007</a></td><td rowspan="1">1438220113145</td><td rowspan="1">1</td></tr><tr class="failedeven"><td><a href="#m50">TC_JOOMLA_Contact_008</a></td><td rowspan="1">1438220113147</td><td rowspan="1">0</td></tr><tr class="failedodd"><td rowspan="2">contacts.TM_Contact_003</td><td><a href="#m51">TC_JOOMLA_Contact_010</a></td><td rowspan="1">1438220120249</td><td rowspan="1">2902</td></tr><tr class="failedodd"><td><a href="#m52">TC_JOOMLA_Contacta_009</a></td><td rowspan="1">1438220123153</td><td rowspan="1">2</td></tr><tr class="failedeven"><td rowspan="2">weblinks.TM_Weblink_002</td><td><a href="#m53">TC_JOOMLA_WEBLINKS_003</a></td><td rowspan="1">1438220134649</td><td rowspan="1">1104</td></tr><tr class="failedeven"><td><a href="#m54">TC_JOOMLA_WEBLINKS_007</a></td><td rowspan="1">1438220135758</td><td rowspan="1">2</td></tr><tr><th colspan="4">ChromeTest &#8212; skipped</th></tr><tr class="skippedeven"><td rowspan="3">contacts.TM_Contact_002</td><td><a href="#m55">TC_JOOMLA_Contact_003</a></td><td rowspan="1">1438220117314</td><td rowspan="1">0</td></tr><tr class="skippedeven"><td><a href="#m56">TC_JOOMLA_Contact_004</a></td><td rowspan="1">1438220117314</td><td rowspan="1">0</td></tr><tr class="skippedeven"><td><a href="#m57">TC_JOOMLA_Contact_015</a></td><td rowspan="1">1438220117315</td><td rowspan="1">0</td></tr><tr class="skippedodd"><td rowspan="3">contacts.TM_Contact_004</td><td><a href="#m58">TC_JOOMLA_Contact_006</a></td><td rowspan="1">1438220127225</td><td rowspan="1">0</td></tr><tr class="skippedodd"><td><a href="#m59">TC_JOOMLA_Contact_014</a></td><td rowspan="1">1438220127225</td><td rowspan="1">1</td></tr><tr class="skippedodd"><td><a href="#m60">TC_JOOMLA_Contact_016</a></td><td rowspan="1">1438220127226</td><td rowspan="1">0</td></tr><tr class="skippedeven"><td rowspan="6">weblinks.TM_Weblink_001</td><td><a href="#m61">TC_JOOMLA_WEBLINKS_001</a></td><td rowspan="1">1438220131668</td><td rowspan="1">1</td></tr><tr class="skippedeven"><td><a href="#m62">TC_JOOMLA_WEBLINKS_002</a></td><td rowspan="1">1438220131672</td><td rowspan="1">1</td></tr><tr class="skippedeven"><td><a href="#m63">TC_JOOMLA_WEBLINKS_008</a></td><td rowspan="1">1438220131674</td><td rowspan="1">1</td></tr><tr class="skippedeven"><td><a href="#m64">TC_JOOMLA_WEBLINKS_009</a></td><td rowspan="1">1438220131676</td><td rowspan="1">0</td></tr><tr class="skippedeven"><td><a href="#m65">TC_JOOMLA_WEBLINKS_010</a></td><td rowspan="1">1438220131677</td><td rowspan="1">1</td></tr><tr class="skippedeven"><td><a href="#m66">TC_JOOMLA_WEBLINKS_011</a></td><td rowspan="1">1438220131679</td><td rowspan="1">1</td></tr><tr class="skippedodd"><td rowspan="2">weblinks.TM_Weblink_003</td><td><a href="#m67">TC_JOOMLA_WEBLINKS_004</a></td><td rowspan="1">1438220140810</td><td rowspan="1">0</td></tr><tr class="skippedodd"><td><a href="#m68">TC_JOOMLA_WEBLINKS_005</a></td><td rowspan="1">1438220140811</td><td rowspan="1">1</td></tr><tr class="skippedeven"><td rowspan="5">weblinks.TM_Weblink_004</td><td><a href="#m69">TC_JOOMLA_WEBLINKS_006</a></td><td rowspan="1">1438220144836</td><td rowspan="1">1</td></tr><tr class="skippedeven"><td><a href="#m70">TC_JOOMLA_WEBLINKS_012</a></td><td rowspan="1">1438220144838</td><td rowspan="1">0</td></tr><tr class="skippedeven"><td><a href="#m71">TC_JOOMLA_WEBLINKS_014</a></td><td rowspan="1">1438220144839</td><td rowspan="1">0</td></tr><tr class="skippedeven"><td><a href="#m72">TC_JOOMLA_WEBLINKS_015</a></td><td rowspan="1">1438220144840</td><td rowspan="1">0</td></tr><tr class="skippedeven"><td><a href="#m73">TC_JOOMLA_WEBLINKS_016</a></td><td rowspan="1">1438220144840</td><td rowspan="1">1</td></tr><tr><th colspan="4">ChromeTest &#8212; passed</th></tr><tr class="passedeven"><td rowspan="1">article.TM_Article_001</td><td><a href="#m74">TC_JOOMLA_Article_001</a></td><td rowspan="1">1438219301367</td><td rowspan="1">19061</td></tr><tr class="passedodd"><td rowspan="2">article.TM_Article_002</td><td><a href="#m75">TC_JOOMLA_Article_005</a></td><td rowspan="1">1438219353065</td><td rowspan="1">19251</td></tr><tr class="passedodd"><td><a href="#m76">TC_JOOMLA_Article_011</a></td><td rowspan="1">1438219372317</td><td rowspan="1">25872</td></tr><tr class="passedeven"><td rowspan="2">article.TM_Article_003</td><td><a href="#m77">TC_JOOMLA_Article_004</a></td><td rowspan="1">1438219403548</td><td rowspan="1">19784</td></tr><tr class="passedeven"><td><a href="#m78">TC_JOOMLA_Article_007</a></td><td rowspan="1">1438219423335</td><td rowspan="1">3986</td></tr><tr class="passedodd"><td rowspan="2">article.TM_Article_004</td><td><a href="#m79">TC_JOOMLA_Article_003</a></td><td rowspan="1">1438219443434</td><td rowspan="1">28707</td></tr><tr class="passedodd"><td><a href="#m80">TC_JOOMLA_Article_015</a></td><td rowspan="1">1438219472142</td><td rowspan="1">2877</td></tr><tr class="passedeven"><td rowspan="2">article.TM_Article_005</td><td><a href="#m81">TC_JOOMLA_Article_006</a></td><td rowspan="1">1438219482548</td><td rowspan="1">50060</td></tr><tr class="passedeven"><td><a href="#m82">TC_JOOMLA_Article_008</a></td><td rowspan="1">1438219532609</td><td rowspan="1">5768</td></tr><tr class="passedodd"><td rowspan="2">article.TM_Article_006</td><td><a href="#m83">TC_JOOMLA_Article_017</a></td><td rowspan="1">1438219552023</td><td rowspan="1">40699</td></tr><tr class="passedodd"><td><a href="#m84">TC_JOOMLA_Articles_016</a></td><td rowspan="1">1438219592722</td><td rowspan="1">4293</td></tr><tr class="passedeven"><td rowspan="8">bannerclients.TM_BannerClient_001</td><td><a href="#m85">TC_JOOMLA_BANNERS_CLIENTS_001</a></td><td rowspan="1">1438219778024</td><td rowspan="1">12705</td></tr><tr class="passedeven"><td><a href="#m86">TC_JOOMLA_BANNERS_CLIENTS_003</a></td><td rowspan="1">1438219790729</td><td rowspan="1">984</td></tr><tr class="passedeven"><td><a href="#m87">TC_JOOMLA_BANNERS_CLIENTS_005</a></td><td rowspan="1">1438219791713</td><td rowspan="1">1598</td></tr><tr class="passedeven"><td><a href="#m88">TC_JOOMLA_BANNERS_CLIENTS_007</a></td><td rowspan="1">1438219793311</td><td rowspan="1">5396</td></tr><tr class="passedeven"><td><a href="#m89">TC_JOOMLA_BANNERS_CLIENTS_008</a></td><td rowspan="1">1438219798707</td><td rowspan="1">1394</td></tr><tr class="passedeven"><td><a href="#m90">TC_JOOMLA_BANNERS_CLIENTS_009</a></td><td rowspan="1">1438219800101</td><td rowspan="1">4383</td></tr><tr class="passedeven"><td><a href="#m91">TC_JOOMLA_BANNERS_CLIENTS_014</a></td><td rowspan="1">1438219804484</td><td rowspan="1">12301</td></tr><tr class="passedeven"><td><a href="#m92">TC_JOOMLA_BANNERS_CLIENTS_015</a></td><td rowspan="1">1438219816785</td><td rowspan="1">12240</td></tr><tr class="passedodd"><td rowspan="3">bannerclients.TM_BannerClient_002</td><td><a href="#m93">TC_JOOMLA_BANNERS_CLIENTS_002</a></td><td rowspan="1">1438219836543</td><td rowspan="1">11055</td></tr><tr class="passedodd"><td><a href="#m94">TC_JOOMLA_BANNERS_CLIENTS_004</a></td><td rowspan="1">1438219847598</td><td rowspan="1">973</td></tr><tr class="passedodd"><td><a href="#m95">TC_JOOMLA_BANNERS_CLIENTS_006</a></td><td rowspan="1">1438219848571</td><td rowspan="1">1935</td></tr><tr class="passedeven"><td rowspan="4">bannerclients.TM_BannerClient_003</td><td><a href="#m96">TC_JOOMLA_BANNERS_CLIENTS_010</a></td><td rowspan="1">1438219856246</td><td rowspan="1">31068</td></tr><tr class="passedeven"><td><a href="#m97">TC_JOOMLA_BANNERS_CLIENTS_011</a></td><td rowspan="1">1438219887314</td><td rowspan="1">6280</td></tr><tr class="passedeven"><td><a href="#m98">TC_JOOMLA_BANNERS_CLIENTS_012</a></td><td rowspan="1">1438219893594</td><td rowspan="1">5869</td></tr><tr class="passedeven"><td><a href="#m99">TC_JOOMLA_BANNERS_CLIENTS_013</a></td><td rowspan="1">1438219899464</td><td rowspan="1">6116</td></tr><tr class="passedodd"><td rowspan="6">categorymanager.TM_CategoryManager_001</td><td><a href="#m100">TC_JOOMLA_CategoryManager_001</a></td><td rowspan="1">1438219913132</td><td rowspan="1">14849</td></tr><tr class="passedodd"><td><a href="#m101">TC_JOOMLA_CategoryManager_002</a></td><td rowspan="1">1438219927982</td><td rowspan="1">9679</td></tr><tr class="passedodd"><td><a href="#m102">TC_JOOMLA_CategoryManager_005</a></td><td rowspan="1">1438219937662</td><td rowspan="1">1631</td></tr><tr class="passedodd"><td><a href="#m103">TC_JOOMLA_CategoryManager_006</a></td><td rowspan="1">1438219939294</td><td rowspan="1">2248</td></tr><tr class="passedodd"><td><a href="#m104">TC_JOOMLA_CategoryManager_007</a></td><td rowspan="1">1438219941543</td><td rowspan="1">5757</td></tr><tr class="passedodd"><td><a href="#m105">TC_JOOMLA_CategoryManager_011</a></td><td rowspan="1">1438219947303</td><td rowspan="1">12199</td></tr><tr class="passedeven"><td rowspan="4">categorymanager.TM_CategoryManager_002</td><td><a href="#m106">TC_JOOMLA_CategoryManager_003</a></td><td rowspan="1">1438219965004</td><td rowspan="1">14894</td></tr><tr class="passedeven"><td><a href="#m107">TC_JOOMLA_CategoryManager_004</a></td><td rowspan="1">1438219979898</td><td rowspan="1">3980</td></tr><tr class="passedeven"><td><a href="#m108">TC_JOOMLA_CategoryManager_008</a></td><td rowspan="1">1438219983880</td><td rowspan="1">9510</td></tr><tr class="passedeven"><td><a href="#m109">TC_JOOMLA_CategoryManager_012</a></td><td rowspan="1">1438219993393</td><td rowspan="1">18909</td></tr><tr class="passedodd"><td rowspan="2">categorymanager.TM_CategoryManager_003</td><td><a href="#m110">TC_JOOMLA_CategoryManager_010</a></td><td rowspan="1">1438220017450</td><td rowspan="1">22307</td></tr><tr class="passedodd"><td><a href="#m111">TC_JOOMLA_CategoryManger_009</a></td><td rowspan="1">1438220039757</td><td rowspan="1">4177</td></tr><tr class="passedeven"><td rowspan="1">categorymanager.TM_CategoryManager_004</td><td><a href="#m112">TC_JOOMLA_CategoryManager_013</a></td><td rowspan="1">1438220049033</td><td rowspan="1">32529</td></tr></tbody></table><h2>ChromeTest</h2><h3 id="m0">article.TM_Article_001#tearDown</h3><table class="result"><tr><th>Exception</th></tr><tr><td><div class="stacktrace">org.openqa.selenium.NoSuchElementException: no such element
  (Session info: chrome=43.0.2357.130)
  (Driver info: chromedriver=2.16.333243 (0bfa1d3575fc1044244f21ddb82bf870944ef961),platform=Windows NT 6.1 x86_64) (WARNING: The server did not provide any stacktrace information)
Command duration or timeout: 10.07 seconds
For documentation on this error, please visit: http://seleniumhq.org/exceptions/no_such_element.html
Build info: version: &apos;2.46.0&apos;, revision: &apos;87c69e2&apos;, time: &apos;2015-06-04 16:16:47&apos;
System info: host: &apos;LGDN-PC&apos;, ip: &apos;192.168.190.215&apos;, os.name: &apos;Windows 7&apos;, os.arch: &apos;amd64&apos;, os.version: &apos;6.1&apos;, java.version: &apos;1.8.0_40&apos;
Driver info: org.openqa.selenium.chrome.ChromeDriver
Capabilities [{applicationCacheEnabled=false, rotatable=false, mobileEmulationEnabled=false, chrome={userDataDir=C:\Users\LGDN\AppData\Local\Temp\scoped_dir5352_6930}, takesHeapSnapshot=true, databaseEnabled=false, handlesAlerts=true, hasTouchScreen=false, version=43.0.2357.130, platform=XP, browserConnectionEnabled=false, nativeEvents=true, acceptSslCerts=true, locationContextEnabled=true, webStorageEnabled=true, browserName=chrome, takesScreenshot=true, javascriptEnabled=true, cssSelectorsEnabled=true}]
Session ID: c2d2117c7467fd068ddb99a1953ac9b2
*** Element info: {Using=xpath, value=.//*[@id=&apos;module-status&apos;]/span[5]/a}
	at org.openqa.selenium.remote.ErrorHandler.createThrowable(ErrorHandler.java:204)
	at org.openqa.selenium.remote.ErrorHandler.throwIfResponseFailed(ErrorHandler.java:156)
	at org.openqa.selenium.remote.RemoteWebDriver.execute(RemoteWebDriver.java:605)
	at org.openqa.selenium.remote.RemoteWebDriver.findElement(RemoteWebDriver.java:358)
	at org.openqa.selenium.remote.RemoteWebDriver.findElementByXPath(RemoteWebDriver.java:455)
	at org.openqa.selenium.By$ByXPath.findElement(By.java:358)
	at org.openqa.selenium.remote.RemoteWebDriver.findElement(RemoteWebDriver.java:350)
	at org.openqa.selenium.support.pagefactory.DefaultElementLocator.findElement(DefaultElementLocator.java:69)
	at org.openqa.selenium.support.pagefactory.internal.LocatingElementHandler.invoke(LocatingElementHandler.java:38)
	at com.sun.proxy.$Proxy7.click(Unknown Source)
	at pages.AbstractPage.click(AbstractPage.java:61)
	at abtract.AbstractTest.logOut(AbstractTest.java:61)
	at article.TM_Article_001.tearDown(TM_Article_001.java:104)
... Removed 28 stack frames</div></td></tr></table><p class="totop"><a href="#summary">back to summary</a></p><h3 id="m1">banners.TM_Banners_001#tearDown</h3><table class="result"><tr><th>Exception</th></tr><tr><td><div class="stacktrace">org.openqa.selenium.NoSuchElementException: no such element
  (Session info: chrome=43.0.2357.130)
  (Driver info: chromedriver=2.16.333243 (0bfa1d3575fc1044244f21ddb82bf870944ef961),platform=Windows NT 6.1 x86_64) (WARNING: The server did not provide any stacktrace information)
Command duration or timeout: 10.02 seconds
For documentation on this error, please visit: http://seleniumhq.org/exceptions/no_such_element.html
Build info: version: &apos;2.46.0&apos;, revision: &apos;87c69e2&apos;, time: &apos;2015-06-04 16:16:47&apos;
System info: host: &apos;LGDN-PC&apos;, ip: &apos;192.168.190.215&apos;, os.name: &apos;Windows 7&apos;, os.arch: &apos;amd64&apos;, os.version: &apos;6.1&apos;, java.version: &apos;1.8.0_40&apos;
Driver info: org.openqa.selenium.chrome.ChromeDriver
Capabilities [{applicationCacheEnabled=false, rotatable=false, mobileEmulationEnabled=false, chrome={userDataDir=C:\Users\LGDN\AppData\Local\Temp\scoped_dir3892_8620}, takesHeapSnapshot=true, databaseEnabled=false, handlesAlerts=true, hasTouchScreen=false, version=43.0.2357.130, platform=XP, browserConnectionEnabled=false, nativeEvents=true, acceptSslCerts=true, locationContextEnabled=true, webStorageEnabled=true, browserName=chrome, takesScreenshot=true, javascriptEnabled=true, cssSelectorsEnabled=true}]
Session ID: 89f557bba6f49b98acdefdf32606f44f
*** Element info: {Using=xpath, value=.//*[@id=&apos;module-status&apos;]/span[5]/a}
	at org.openqa.selenium.remote.ErrorHandler.createThrowable(ErrorHandler.java:204)
	at org.openqa.selenium.remote.ErrorHandler.throwIfResponseFailed(ErrorHandler.java:156)
	at org.openqa.selenium.remote.RemoteWebDriver.execute(RemoteWebDriver.java:605)
	at org.openqa.selenium.remote.RemoteWebDriver.findElement(RemoteWebDriver.java:358)
	at org.openqa.selenium.remote.RemoteWebDriver.findElementByXPath(RemoteWebDriver.java:455)
	at org.openqa.selenium.By$ByXPath.findElement(By.java:358)
	at org.openqa.selenium.remote.RemoteWebDriver.findElement(RemoteWebDriver.java:350)
	at org.openqa.selenium.support.pagefactory.DefaultElementLocator.findElement(DefaultElementLocator.java:69)
	at org.openqa.selenium.support.pagefactory.internal.LocatingElementHandler.invoke(LocatingElementHandler.java:38)
	at com.sun.proxy.$Proxy7.click(Unknown Source)
	at pages.AbstractPage.click(AbstractPage.java:61)
	at abtract.AbstractTest.logOut(AbstractTest.java:61)
	at banners.TM_Banners_001.tearDown(TM_Banners_001.java:110)
... Removed 28 stack frames</div></td></tr></table><p class="totop"><a href="#summary">back to summary</a></p><h3 id="m2">banners.TM_Banners_002#tearDown</h3><table class="result"><tr><th>Exception</th></tr><tr><td><div class="stacktrace">org.openqa.selenium.NoSuchElementException: no such element
  (Session info: chrome=43.0.2357.130)
  (Driver info: chromedriver=2.16.333243 (0bfa1d3575fc1044244f21ddb82bf870944ef961),platform=Windows NT 6.1 x86_64) (WARNING: The server did not provide any stacktrace information)
Command duration or timeout: 10.06 seconds
For documentation on this error, please visit: http://seleniumhq.org/exceptions/no_such_element.html
Build info: version: &apos;2.46.0&apos;, revision: &apos;87c69e2&apos;, time: &apos;2015-06-04 16:16:47&apos;
System info: host: &apos;LGDN-PC&apos;, ip: &apos;192.168.190.215&apos;, os.name: &apos;Windows 7&apos;, os.arch: &apos;amd64&apos;, os.version: &apos;6.1&apos;, java.version: &apos;1.8.0_40&apos;
Driver info: org.openqa.selenium.chrome.ChromeDriver
Capabilities [{applicationCacheEnabled=false, rotatable=false, mobileEmulationEnabled=false, chrome={userDataDir=C:\Users\LGDN\AppData\Local\Temp\scoped_dir4688_20071}, takesHeapSnapshot=true, databaseEnabled=false, handlesAlerts=true, hasTouchScreen=false, version=43.0.2357.130, platform=XP, browserConnectionEnabled=false, nativeEvents=true, acceptSslCerts=true, locationContextEnabled=true, webStorageEnabled=true, browserName=chrome, takesScreenshot=true, javascriptEnabled=true, cssSelectorsEnabled=true}]
Session ID: c2fad7c922a1da9086552b878156a691
*** Element info: {Using=xpath, value=.//*[@id=&apos;module-status&apos;]/span[5]/a}
	at org.openqa.selenium.remote.ErrorHandler.createThrowable(ErrorHandler.java:204)
	at org.openqa.selenium.remote.ErrorHandler.throwIfResponseFailed(ErrorHandler.java:156)
	at org.openqa.selenium.remote.RemoteWebDriver.execute(RemoteWebDriver.java:605)
	at org.openqa.selenium.remote.RemoteWebDriver.findElement(RemoteWebDriver.java:358)
	at org.openqa.selenium.remote.RemoteWebDriver.findElementByXPath(RemoteWebDriver.java:455)
	at org.openqa.selenium.By$ByXPath.findElement(By.java:358)
	at org.openqa.selenium.remote.RemoteWebDriver.findElement(RemoteWebDriver.java:350)
	at org.openqa.selenium.support.pagefactory.DefaultElementLocator.findElement(DefaultElementLocator.java:69)
	at org.openqa.selenium.support.pagefactory.internal.LocatingElementHandler.invoke(LocatingElementHandler.java:38)
	at com.sun.proxy.$Proxy7.click(Unknown Source)
	at pages.AbstractPage.click(AbstractPage.java:61)
	at abtract.AbstractTest.logOut(AbstractTest.java:61)
	at banners.TM_Banners_002.tearDown(TM_Banners_002.java:103)
... Removed 28 stack frames</div></td></tr></table><p class="totop"><a href="#summary">back to summary</a></p><h3 id="m3">banners.TM_Banners_003#tearDown</h3><table class="result"><tr><th>Exception</th></tr><tr><td><div class="stacktrace">org.openqa.selenium.NoSuchElementException: no such element
  (Session info: chrome=43.0.2357.130)
  (Driver info: chromedriver=2.16.333243 (0bfa1d3575fc1044244f21ddb82bf870944ef961),platform=Windows NT 6.1 x86_64) (WARNING: The server did not provide any stacktrace information)
Command duration or timeout: 10.01 seconds
For documentation on this error, please visit: http://seleniumhq.org/exceptions/no_such_element.html
Build info: version: &apos;2.46.0&apos;, revision: &apos;87c69e2&apos;, time: &apos;2015-06-04 16:16:47&apos;
System info: host: &apos;LGDN-PC&apos;, ip: &apos;192.168.190.215&apos;, os.name: &apos;Windows 7&apos;, os.arch: &apos;amd64&apos;, os.version: &apos;6.1&apos;, java.version: &apos;1.8.0_40&apos;
Driver info: org.openqa.selenium.chrome.ChromeDriver
Capabilities [{applicationCacheEnabled=false, rotatable=false, mobileEmulationEnabled=false, chrome={userDataDir=C:\Users\LGDN\AppData\Local\Temp\scoped_dir5640_3364}, takesHeapSnapshot=true, databaseEnabled=false, handlesAlerts=true, hasTouchScreen=false, version=43.0.2357.130, platform=XP, browserConnectionEnabled=false, nativeEvents=true, acceptSslCerts=true, locationContextEnabled=true, webStorageEnabled=true, browserName=chrome, takesScreenshot=true, javascriptEnabled=true, cssSelectorsEnabled=true}]
Session ID: ad7e986a160ce29e10d1ca478d04d323
*** Element info: {Using=xpath, value=.//*[@id=&apos;module-status&apos;]/span[5]/a}
	at org.openqa.selenium.remote.ErrorHandler.createThrowable(ErrorHandler.java:204)
	at org.openqa.selenium.remote.ErrorHandler.throwIfResponseFailed(ErrorHandler.java:156)
	at org.openqa.selenium.remote.RemoteWebDriver.execute(RemoteWebDriver.java:605)
	at org.openqa.selenium.remote.RemoteWebDriver.findElement(RemoteWebDriver.java:358)
	at org.openqa.selenium.remote.RemoteWebDriver.findElementByXPath(RemoteWebDriver.java:455)
	at org.openqa.selenium.By$ByXPath.findElement(By.java:358)
	at org.openqa.selenium.remote.RemoteWebDriver.findElement(RemoteWebDriver.java:350)
	at org.openqa.selenium.support.pagefactory.DefaultElementLocator.findElement(DefaultElementLocator.java:69)
	at org.openqa.selenium.support.pagefactory.internal.LocatingElementHandler.invoke(LocatingElementHandler.java:38)
	at com.sun.proxy.$Proxy7.click(Unknown Source)
	at pages.AbstractPage.click(AbstractPage.java:61)
	at abtract.AbstractTest.logOut(AbstractTest.java:61)
	at banners.TM_Banners_003.tearDown(TM_Banners_003.java:118)
... Removed 28 stack frames</div></td></tr></table><p class="totop"><a href="#summary">back to summary</a></p><h3 id="m4">banners.TM_Banners_004#tearDown</h3><table class="result"><tr><th>Exception</th></tr><tr><td><div class="stacktrace">org.openqa.selenium.NoSuchElementException: no such element
  (Session info: chrome=43.0.2357.130)
  (Driver info: chromedriver=2.16.333243 (0bfa1d3575fc1044244f21ddb82bf870944ef961),platform=Windows NT 6.1 x86_64) (WARNING: The server did not provide any stacktrace information)
Command duration or timeout: 10.03 seconds
For documentation on this error, please visit: http://seleniumhq.org/exceptions/no_such_element.html
Build info: version: &apos;2.46.0&apos;, revision: &apos;87c69e2&apos;, time: &apos;2015-06-04 16:16:47&apos;
System info: host: &apos;LGDN-PC&apos;, ip: &apos;192.168.190.215&apos;, os.name: &apos;Windows 7&apos;, os.arch: &apos;amd64&apos;, os.version: &apos;6.1&apos;, java.version: &apos;1.8.0_40&apos;
Driver info: org.openqa.selenium.chrome.ChromeDriver
Capabilities [{applicationCacheEnabled=false, rotatable=false, mobileEmulationEnabled=false, chrome={userDataDir=C:\Users\LGDN\AppData\Local\Temp\scoped_dir6424_8952}, takesHeapSnapshot=true, databaseEnabled=false, handlesAlerts=true, hasTouchScreen=false, version=43.0.2357.130, platform=XP, browserConnectionEnabled=false, nativeEvents=true, acceptSslCerts=true, locationContextEnabled=true, webStorageEnabled=true, browserName=chrome, takesScreenshot=true, javascriptEnabled=true, cssSelectorsEnabled=true}]
Session ID: 5f8e232e50573097e1ceb331fea42d3f
*** Element info: {Using=xpath, value=.//*[@id=&apos;module-status&apos;]/span[5]/a}
	at org.openqa.selenium.remote.ErrorHandler.createThrowable(ErrorHandler.java:204)
	at org.openqa.selenium.remote.ErrorHandler.throwIfResponseFailed(ErrorHandler.java:156)
	at org.openqa.selenium.remote.RemoteWebDriver.execute(RemoteWebDriver.java:605)
	at org.openqa.selenium.remote.RemoteWebDriver.findElement(RemoteWebDriver.java:358)
	at org.openqa.selenium.remote.RemoteWebDriver.findElementByXPath(RemoteWebDriver.java:455)
	at org.openqa.selenium.By$ByXPath.findElement(By.java:358)
	at org.openqa.selenium.remote.RemoteWebDriver.findElement(RemoteWebDriver.java:350)
	at org.openqa.selenium.support.pagefactory.DefaultElementLocator.findElement(DefaultElementLocator.java:69)
	at org.openqa.selenium.support.pagefactory.internal.LocatingElementHandler.invoke(LocatingElementHandler.java:38)
	at com.sun.proxy.$Proxy7.click(Unknown Source)
	at pages.AbstractPage.click(AbstractPage.java:61)
	at abtract.AbstractTest.logOut(AbstractTest.java:61)
	at banners.TM_Banners_004.tearDown(TM_Banners_004.java:93)
... Removed 28 stack frames</div></td></tr></table><p class="totop"><a href="#summary">back to summary</a></p><h3 id="m5">banners.TM_Banners_005#tearDown</h3><table class="result"><tr><th>Exception</th></tr><tr><td><div class="stacktrace">org.openqa.selenium.NoSuchElementException: no such element
  (Session info: chrome=43.0.2357.130)
  (Driver info: chromedriver=2.16.333243 (0bfa1d3575fc1044244f21ddb82bf870944ef961),platform=Windows NT 6.1 x86_64) (WARNING: The server did not provide any stacktrace information)
Command duration or timeout: 10.01 seconds
For documentation on this error, please visit: http://seleniumhq.org/exceptions/no_such_element.html
Build info: version: &apos;2.46.0&apos;, revision: &apos;87c69e2&apos;, time: &apos;2015-06-04 16:16:47&apos;
System info: host: &apos;LGDN-PC&apos;, ip: &apos;192.168.190.215&apos;, os.name: &apos;Windows 7&apos;, os.arch: &apos;amd64&apos;, os.version: &apos;6.1&apos;, java.version: &apos;1.8.0_40&apos;
Driver info: org.openqa.selenium.chrome.ChromeDriver
Capabilities [{applicationCacheEnabled=false, rotatable=false, mobileEmulationEnabled=false, chrome={userDataDir=C:\Users\LGDN\AppData\Local\Temp\scoped_dir6900_1174}, takesHeapSnapshot=true, databaseEnabled=false, handlesAlerts=true, hasTouchScreen=false, version=43.0.2357.130, platform=XP, browserConnectionEnabled=false, nativeEvents=true, acceptSslCerts=true, locationContextEnabled=true, webStorageEnabled=true, browserName=chrome, takesScreenshot=true, javascriptEnabled=true, cssSelectorsEnabled=true}]
Session ID: 1b1a2aeffbfd4546466b681c9f47fca6
*** Element info: {Using=xpath, value=.//*[@id=&apos;module-status&apos;]/span[5]/a}
	at org.openqa.selenium.remote.ErrorHandler.createThrowable(ErrorHandler.java:204)
	at org.openqa.selenium.remote.ErrorHandler.throwIfResponseFailed(ErrorHandler.java:156)
	at org.openqa.selenium.remote.RemoteWebDriver.execute(RemoteWebDriver.java:605)
	at org.openqa.selenium.remote.RemoteWebDriver.findElement(RemoteWebDriver.java:358)
	at org.openqa.selenium.remote.RemoteWebDriver.findElementByXPath(RemoteWebDriver.java:455)
	at org.openqa.selenium.By$ByXPath.findElement(By.java:358)
	at org.openqa.selenium.remote.RemoteWebDriver.findElement(RemoteWebDriver.java:350)
	at org.openqa.selenium.support.pagefactory.DefaultElementLocator.findElement(DefaultElementLocator.java:69)
	at org.openqa.selenium.support.pagefactory.internal.LocatingElementHandler.invoke(LocatingElementHandler.java:38)
	at com.sun.proxy.$Proxy7.click(Unknown Source)
	at pages.AbstractPage.click(AbstractPage.java:61)
	at abtract.AbstractTest.logOut(AbstractTest.java:61)
	at banners.TM_Banners_005.tearDown(TM_Banners_005.java:88)
... Removed 28 stack frames</div></td></tr></table><p class="totop"><a href="#summary">back to summary</a></p><h3 id="m6">banners.TM_Banners_006#tearDown</h3><table class="result"><tr><th>Exception</th></tr><tr><td><div class="stacktrace">org.openqa.selenium.NoSuchElementException: no such element
  (Session info: chrome=43.0.2357.130)
  (Driver info: chromedriver=2.16.333243 (0bfa1d3575fc1044244f21ddb82bf870944ef961),platform=Windows NT 6.1 x86_64) (WARNING: The server did not provide any stacktrace information)
Command duration or timeout: 10.04 seconds
For documentation on this error, please visit: http://seleniumhq.org/exceptions/no_such_element.html
Build info: version: &apos;2.46.0&apos;, revision: &apos;87c69e2&apos;, time: &apos;2015-06-04 16:16:47&apos;
System info: host: &apos;LGDN-PC&apos;, ip: &apos;192.168.190.215&apos;, os.name: &apos;Windows 7&apos;, os.arch: &apos;amd64&apos;, os.version: &apos;6.1&apos;, java.version: &apos;1.8.0_40&apos;
Driver info: org.openqa.selenium.chrome.ChromeDriver
Capabilities [{applicationCacheEnabled=false, rotatable=false, mobileEmulationEnabled=false, chrome={userDataDir=C:\Users\LGDN\AppData\Local\Temp\scoped_dir6512_22697}, takesHeapSnapshot=true, databaseEnabled=false, handlesAlerts=true, hasTouchScreen=false, version=43.0.2357.130, platform=XP, browserConnectionEnabled=false, nativeEvents=true, acceptSslCerts=true, locationContextEnabled=true, webStorageEnabled=true, browserName=chrome, takesScreenshot=true, javascriptEnabled=true, cssSelectorsEnabled=true}]
Session ID: 823312a6996ab7975124a7388177cc8b
*** Element info: {Using=xpath, value=.//*[@id=&apos;module-status&apos;]/span[5]/a}
	at org.openqa.selenium.remote.ErrorHandler.createThrowable(ErrorHandler.java:204)
	at org.openqa.selenium.remote.ErrorHandler.throwIfResponseFailed(ErrorHandler.java:156)
	at org.openqa.selenium.remote.RemoteWebDriver.execute(RemoteWebDriver.java:605)
	at org.openqa.selenium.remote.RemoteWebDriver.findElement(RemoteWebDriver.java:358)
	at org.openqa.selenium.remote.RemoteWebDriver.findElementByXPath(RemoteWebDriver.java:455)
	at org.openqa.selenium.By$ByXPath.findElement(By.java:358)
	at org.openqa.selenium.remote.RemoteWebDriver.findElement(RemoteWebDriver.java:350)
	at org.openqa.selenium.support.pagefactory.DefaultElementLocator.findElement(DefaultElementLocator.java:69)
	at org.openqa.selenium.support.pagefactory.internal.LocatingElementHandler.invoke(LocatingElementHandler.java:38)
	at com.sun.proxy.$Proxy7.click(Unknown Source)
	at pages.AbstractPage.click(AbstractPage.java:61)
	at abtract.AbstractTest.logOut(AbstractTest.java:61)
	at banners.TM_Banners_006.tearDown(TM_Banners_006.java:101)
... Removed 28 stack frames</div></td></tr></table><p class="totop"><a href="#summary">back to summary</a></p><h3 id="m7">banners.TM_Banners_007#tearDown</h3><table class="result"><tr><th>Exception</th></tr><tr><td><div class="stacktrace">org.openqa.selenium.NoSuchElementException: no such element
  (Session info: chrome=43.0.2357.130)
  (Driver info: chromedriver=2.16.333243 (0bfa1d3575fc1044244f21ddb82bf870944ef961),platform=Windows NT 6.1 x86_64) (WARNING: The server did not provide any stacktrace information)
Command duration or timeout: 10.04 seconds
For documentation on this error, please visit: http://seleniumhq.org/exceptions/no_such_element.html
Build info: version: &apos;2.46.0&apos;, revision: &apos;87c69e2&apos;, time: &apos;2015-06-04 16:16:47&apos;
System info: host: &apos;LGDN-PC&apos;, ip: &apos;192.168.190.215&apos;, os.name: &apos;Windows 7&apos;, os.arch: &apos;amd64&apos;, os.version: &apos;6.1&apos;, java.version: &apos;1.8.0_40&apos;
Driver info: org.openqa.selenium.chrome.ChromeDriver
Capabilities [{applicationCacheEnabled=false, rotatable=false, mobileEmulationEnabled=false, chrome={userDataDir=C:\Users\LGDN\AppData\Local\Temp\scoped_dir7100_27546}, takesHeapSnapshot=true, databaseEnabled=false, handlesAlerts=true, hasTouchScreen=false, version=43.0.2357.130, platform=XP, browserConnectionEnabled=false, nativeEvents=true, acceptSslCerts=true, locationContextEnabled=true, webStorageEnabled=true, browserName=chrome, takesScreenshot=true, javascriptEnabled=true, cssSelectorsEnabled=true}]
Session ID: 2e764e0f8700424ba95a61885d9f43e5
*** Element info: {Using=xpath, value=.//*[@id=&apos;module-status&apos;]/span[5]/a}
	at org.openqa.selenium.remote.ErrorHandler.createThrowable(ErrorHandler.java:204)
	at org.openqa.selenium.remote.ErrorHandler.throwIfResponseFailed(ErrorHandler.java:156)
	at org.openqa.selenium.remote.RemoteWebDriver.execute(RemoteWebDriver.java:605)
	at org.openqa.selenium.remote.RemoteWebDriver.findElement(RemoteWebDriver.java:358)
	at org.openqa.selenium.remote.RemoteWebDriver.findElementByXPath(RemoteWebDriver.java:455)
	at org.openqa.selenium.By$ByXPath.findElement(By.java:358)
	at org.openqa.selenium.remote.RemoteWebDriver.findElement(RemoteWebDriver.java:350)
	at org.openqa.selenium.support.pagefactory.DefaultElementLocator.findElement(DefaultElementLocator.java:69)
	at org.openqa.selenium.support.pagefactory.internal.LocatingElementHandler.invoke(LocatingElementHandler.java:38)
	at com.sun.proxy.$Proxy7.click(Unknown Source)
	at pages.AbstractPage.click(AbstractPage.java:61)
	at abtract.AbstractTest.logOut(AbstractTest.java:61)
	at banners.TM_Banners_007.tearDown(TM_Banners_007.java:123)
... Removed 28 stack frames</div></td></tr></table><p class="totop"><a href="#summary">back to summary</a></p><h3 id="m8">banners.TM_Banners_008#tearDown</h3><table class="result"><tr><th>Exception</th></tr><tr><td><div class="stacktrace">org.openqa.selenium.NoSuchElementException: no such element
  (Session info: chrome=43.0.2357.130)
  (Driver info: chromedriver=2.16.333243 (0bfa1d3575fc1044244f21ddb82bf870944ef961),platform=Windows NT 6.1 x86_64) (WARNING: The server did not provide any stacktrace information)
Command duration or timeout: 10.06 seconds
For documentation on this error, please visit: http://seleniumhq.org/exceptions/no_such_element.html
Build info: version: &apos;2.46.0&apos;, revision: &apos;87c69e2&apos;, time: &apos;2015-06-04 16:16:47&apos;
System info: host: &apos;LGDN-PC&apos;, ip: &apos;192.168.190.215&apos;, os.name: &apos;Windows 7&apos;, os.arch: &apos;amd64&apos;, os.version: &apos;6.1&apos;, java.version: &apos;1.8.0_40&apos;
Driver info: org.openqa.selenium.chrome.ChromeDriver
Capabilities [{applicationCacheEnabled=false, rotatable=false, mobileEmulationEnabled=false, chrome={userDataDir=C:\Users\LGDN\AppData\Local\Temp\scoped_dir7588_19945}, takesHeapSnapshot=true, databaseEnabled=false, handlesAlerts=true, hasTouchScreen=false, version=43.0.2357.130, platform=XP, browserConnectionEnabled=false, nativeEvents=true, acceptSslCerts=true, locationContextEnabled=true, webStorageEnabled=true, browserName=chrome, takesScreenshot=true, javascriptEnabled=true, cssSelectorsEnabled=true}]
Session ID: 8f3357f50abed322e53cfcae079b17b1
*** Element info: {Using=xpath, value=.//*[@id=&apos;module-status&apos;]/span[5]/a}
	at org.openqa.selenium.remote.ErrorHandler.createThrowable(ErrorHandler.java:204)
	at org.openqa.selenium.remote.ErrorHandler.throwIfResponseFailed(ErrorHandler.java:156)
	at org.openqa.selenium.remote.RemoteWebDriver.execute(RemoteWebDriver.java:605)
	at org.openqa.selenium.remote.RemoteWebDriver.findElement(RemoteWebDriver.java:358)
	at org.openqa.selenium.remote.RemoteWebDriver.findElementByXPath(RemoteWebDriver.java:455)
	at org.openqa.selenium.By$ByXPath.findElement(By.java:358)
	at org.openqa.selenium.remote.RemoteWebDriver.findElement(RemoteWebDriver.java:350)
	at org.openqa.selenium.support.pagefactory.DefaultElementLocator.findElement(DefaultElementLocator.java:69)
	at org.openqa.selenium.support.pagefactory.internal.LocatingElementHandler.invoke(LocatingElementHandler.java:38)
	at com.sun.proxy.$Proxy7.click(Unknown Source)
	at pages.AbstractPage.click(AbstractPage.java:61)
	at abtract.AbstractTest.logOut(AbstractTest.java:61)
	at banners.TM_Banners_008.tearDown(TM_Banners_008.java:114)
... Removed 28 stack frames</div></td></tr></table><p class="totop"><a href="#summary">back to summary</a></p><h3 id="m9">categorymanager.TM_CategoryManager_004#tearDown</h3><table class="result"><tr><th>Exception</th></tr><tr><td><div class="stacktrace">org.openqa.selenium.WebDriverException: chrome not reachable
  (Session info: chrome=43.0.2357.130)
  (Driver info: chromedriver=2.16.333243 (0bfa1d3575fc1044244f21ddb82bf870944ef961),platform=Windows NT 6.1 x86_64) (WARNING: The server did not provide any stacktrace information)
Command duration or timeout: 2.00 seconds
Build info: version: &apos;2.46.0&apos;, revision: &apos;87c69e2&apos;, time: &apos;2015-06-04 16:16:47&apos;
System info: host: &apos;LGDN-PC&apos;, ip: &apos;192.168.190.215&apos;, os.name: &apos;Windows 7&apos;, os.arch: &apos;amd64&apos;, os.version: &apos;6.1&apos;, java.version: &apos;1.8.0_40&apos;
Driver info: org.openqa.selenium.chrome.ChromeDriver
Capabilities [{applicationCacheEnabled=false, rotatable=false, mobileEmulationEnabled=false, chrome={userDataDir=C:\Users\LGDN\AppData\Local\Temp\scoped_dir6212_18063}, takesHeapSnapshot=true, databaseEnabled=false, handlesAlerts=true, hasTouchScreen=false, version=43.0.2357.130, platform=XP, browserConnectionEnabled=false, nativeEvents=true, acceptSslCerts=true, locationContextEnabled=true, webStorageEnabled=true, browserName=chrome, takesScreenshot=true, javascriptEnabled=true, cssSelectorsEnabled=true}]
Session ID: 76bc69918f13a38e92d8ff55df98c2e0
*** Element info: {Using=xpath, value=.//*[@id=&apos;module-status&apos;]/span[5]/a}
	at org.openqa.selenium.remote.ErrorHandler.createThrowable(ErrorHandler.java:204)
	at org.openqa.selenium.remote.ErrorHandler.throwIfResponseFailed(ErrorHandler.java:156)
	at org.openqa.selenium.remote.RemoteWebDriver.execute(RemoteWebDriver.java:605)
	at org.openqa.selenium.remote.RemoteWebDriver.findElement(RemoteWebDriver.java:358)
	at org.openqa.selenium.remote.RemoteWebDriver.findElementByXPath(RemoteWebDriver.java:455)
	at org.openqa.selenium.By$ByXPath.findElement(By.java:358)
	at org.openqa.selenium.remote.RemoteWebDriver.findElement(RemoteWebDriver.java:350)
	at org.openqa.selenium.support.pagefactory.DefaultElementLocator.findElement(DefaultElementLocator.java:69)
	at org.openqa.selenium.support.pagefactory.internal.LocatingElementHandler.invoke(LocatingElementHandler.java:38)
	at com.sun.proxy.$Proxy7.click(Unknown Source)
	at pages.AbstractPage.click(AbstractPage.java:61)
	at abtract.AbstractTest.logOut(AbstractTest.java:61)
	at categorymanager.TM_CategoryManager_004.tearDown(TM_CategoryManager_004.java:198)
... Removed 28 stack frames</div></td></tr></table><p class="totop"><a href="#summary">back to summary</a></p><h3 id="m10">contacts.TM_Contact_001#tearDown</h3><table class="result"><tr><th>Exception</th></tr><tr><td><div class="stacktrace">org.openqa.selenium.NoSuchWindowException: no such window: target window already closed
from unknown error: web view not found
  (Session info: chrome=43.0.2357.130)
  (Driver info: chromedriver=2.16.333243 (0bfa1d3575fc1044244f21ddb82bf870944ef961),platform=Windows NT 6.1 x86_64) (WARNING: The server did not provide any stacktrace information)
Command duration or timeout: 2 milliseconds
Build info: version: &apos;2.46.0&apos;, revision: &apos;87c69e2&apos;, time: &apos;2015-06-04 16:16:47&apos;
System info: host: &apos;LGDN-PC&apos;, ip: &apos;192.168.190.215&apos;, os.name: &apos;Windows 7&apos;, os.arch: &apos;amd64&apos;, os.version: &apos;6.1&apos;, java.version: &apos;1.8.0_40&apos;
Driver info: org.openqa.selenium.chrome.ChromeDriver
Capabilities [{applicationCacheEnabled=false, rotatable=false, mobileEmulationEnabled=false, chrome={userDataDir=C:\Users\LGDN\AppData\Local\Temp\scoped_dir1124_15196}, takesHeapSnapshot=true, databaseEnabled=false, handlesAlerts=true, hasTouchScreen=false, version=43.0.2357.130, platform=XP, browserConnectionEnabled=false, nativeEvents=true, acceptSslCerts=true, locationContextEnabled=true, webStorageEnabled=true, browserName=chrome, takesScreenshot=true, javascriptEnabled=true, cssSelectorsEnabled=true}]
Session ID: 35e6874d1c440acd424df1b44d250f27
*** Element info: {Using=xpath, value=.//*[@id=&apos;module-status&apos;]/span[5]/a}
	at org.openqa.selenium.remote.ErrorHandler.createThrowable(ErrorHandler.java:204)
	at org.openqa.selenium.remote.ErrorHandler.throwIfResponseFailed(ErrorHandler.java:156)
	at org.openqa.selenium.remote.RemoteWebDriver.execute(RemoteWebDriver.java:605)
	at org.openqa.selenium.remote.RemoteWebDriver.findElement(RemoteWebDriver.java:358)
	at org.openqa.selenium.remote.RemoteWebDriver.findElementByXPath(RemoteWebDriver.java:455)
	at org.openqa.selenium.By$ByXPath.findElement(By.java:358)
	at org.openqa.selenium.remote.RemoteWebDriver.findElement(RemoteWebDriver.java:350)
	at org.openqa.selenium.support.pagefactory.DefaultElementLocator.findElement(DefaultElementLocator.java:69)
	at org.openqa.selenium.support.pagefactory.internal.LocatingElementHandler.invoke(LocatingElementHandler.java:38)
	at com.sun.proxy.$Proxy7.click(Unknown Source)
	at pages.AbstractPage.click(AbstractPage.java:61)
	at abtract.AbstractTest.logOut(AbstractTest.java:61)
	at contacts.TM_Contact_001.tearDown(TM_Contact_001.java:129)
... Removed 28 stack frames</div></td></tr></table><p class="totop"><a href="#summary">back to summary</a></p><h3 id="m11">contacts.TM_Contact_002#setup</h3><table class="result"><tr class="param"><th>Parameter #1</th></tr><tr class="param stripe"><td>chrome</td></tr><tr><th>Exception</th></tr><tr><td><div class="stacktrace">org.openqa.selenium.WebDriverException: unknown error: cannot get automation extension
from chrome not reachable
  (Session info: chrome=43.0.2357.130)
  (Driver info: chromedriver=2.16.333243 (0bfa1d3575fc1044244f21ddb82bf870944ef961),platform=Windows NT 6.1 x86_64) (WARNING: The server did not provide any stacktrace information)
Command duration or timeout: 1.26 seconds
Build info: version: &apos;2.46.0&apos;, revision: &apos;87c69e2&apos;, time: &apos;2015-06-04 16:16:47&apos;
System info: host: &apos;LGDN-PC&apos;, ip: &apos;192.168.190.215&apos;, os.name: &apos;Windows 7&apos;, os.arch: &apos;amd64&apos;, os.version: &apos;6.1&apos;, java.version: &apos;1.8.0_40&apos;
Driver info: org.openqa.selenium.chrome.ChromeDriver
Capabilities [{applicationCacheEnabled=false, rotatable=false, mobileEmulationEnabled=false, chrome={userDataDir=C:\Users\LGDN\AppData\Local\Temp\scoped_dir6620_10216}, takesHeapSnapshot=true, databaseEnabled=false, handlesAlerts=true, hasTouchScreen=false, version=43.0.2357.130, platform=XP, browserConnectionEnabled=false, nativeEvents=true, acceptSslCerts=true, locationContextEnabled=true, webStorageEnabled=true, browserName=chrome, takesScreenshot=true, javascriptEnabled=true, cssSelectorsEnabled=true}]
Session ID: 80c2cedc5d80d9a265d6ea3169f9d230
	at org.openqa.selenium.remote.ErrorHandler.createThrowable(ErrorHandler.java:204)
	at org.openqa.selenium.remote.ErrorHandler.throwIfResponseFailed(ErrorHandler.java:156)
	at org.openqa.selenium.remote.RemoteWebDriver.execute(RemoteWebDriver.java:605)
	at org.openqa.selenium.remote.RemoteWebDriver$RemoteWebDriverOptions$RemoteWindow.maximize(RemoteWebDriver.java:843)
	at abtract.AbstractTest.openUrl(AbstractTest.java:30)
	at contacts.TM_Contact_002.setup(TM_Contact_002.java:23)
... Removed 28 stack frames</div></td></tr></table><p class="totop"><a href="#summary">back to summary</a></p><h3 id="m12">contacts.TM_Contact_002#tearDown</h3><table class="result"><tr><th>Exception</th></tr><tr><td><div class="stacktrace">java.lang.NullPointerException
	at org.openqa.selenium.support.pagefactory.DefaultElementLocator.findElement(DefaultElementLocator.java:69)
	at org.openqa.selenium.support.pagefactory.internal.LocatingElementHandler.invoke(LocatingElementHandler.java:38)
	at com.sun.proxy.$Proxy7.click(Unknown Source)
	at pages.AbstractPage.click(AbstractPage.java:61)
	at abtract.AbstractTest.logOut(AbstractTest.java:61)
	at contacts.TM_Contact_002.tearDown(TM_Contact_002.java:99)
... Removed 24 stack frames</div></td></tr></table><p class="totop"><a href="#summary">back to summary</a></p><h3 id="m13">contacts.TM_Contact_003#tearDown</h3><table class="result"><tr><th>Exception</th></tr><tr><td><div class="stacktrace">org.openqa.selenium.NoSuchWindowException: no such window: target window already closed
from unknown error: web view not found
  (Session info: chrome=43.0.2357.130)
  (Driver info: chromedriver=2.16.333243 (0bfa1d3575fc1044244f21ddb82bf870944ef961),platform=Windows NT 6.1 x86_64) (WARNING: The server did not provide any stacktrace information)
Command duration or timeout: 2 milliseconds
Build info: version: &apos;2.46.0&apos;, revision: &apos;87c69e2&apos;, time: &apos;2015-06-04 16:16:47&apos;
System info: host: &apos;LGDN-PC&apos;, ip: &apos;192.168.190.215&apos;, os.name: &apos;Windows 7&apos;, os.arch: &apos;amd64&apos;, os.version: &apos;6.1&apos;, java.version: &apos;1.8.0_40&apos;
Driver info: org.openqa.selenium.chrome.ChromeDriver
Capabilities [{applicationCacheEnabled=false, rotatable=false, mobileEmulationEnabled=false, chrome={userDataDir=C:\Users\LGDN\AppData\Local\Temp\scoped_dir6484_21019}, takesHeapSnapshot=true, databaseEnabled=false, handlesAlerts=true, hasTouchScreen=false, version=43.0.2357.130, platform=XP, browserConnectionEnabled=false, nativeEvents=true, acceptSslCerts=true, locationContextEnabled=true, webStorageEnabled=true, browserName=chrome, takesScreenshot=true, javascriptEnabled=true, cssSelectorsEnabled=true}]
Session ID: 18790e2ec440586874ba6ebedaead942
*** Element info: {Using=xpath, value=.//*[@id=&apos;module-status&apos;]/span[5]/a}
	at org.openqa.selenium.remote.ErrorHandler.createThrowable(ErrorHandler.java:204)
	at org.openqa.selenium.remote.ErrorHandler.throwIfResponseFailed(ErrorHandler.java:156)
	at org.openqa.selenium.remote.RemoteWebDriver.execute(RemoteWebDriver.java:605)
	at org.openqa.selenium.remote.RemoteWebDriver.findElement(RemoteWebDriver.java:358)
	at org.openqa.selenium.remote.RemoteWebDriver.findElementByXPath(RemoteWebDriver.java:455)
	at org.openqa.selenium.By$ByXPath.findElement(By.java:358)
	at org.openqa.selenium.remote.RemoteWebDriver.findElement(RemoteWebDriver.java:350)
	at org.openqa.selenium.support.pagefactory.DefaultElementLocator.findElement(DefaultElementLocator.java:69)
	at org.openqa.selenium.support.pagefactory.internal.LocatingElementHandler.invoke(LocatingElementHandler.java:38)
	at com.sun.proxy.$Proxy7.click(Unknown Source)
	at pages.AbstractPage.click(AbstractPage.java:61)
	at abtract.AbstractTest.logOut(AbstractTest.java:61)
	at contacts.TM_Contact_003.tearDown(TM_Contact_003.java:87)
... Removed 28 stack frames</div></td></tr></table><p class="totop"><a href="#summary">back to summary</a></p><h3 id="m14">contacts.TM_Contact_004#setup</h3><table class="result"><tr class="param"><th>Parameter #1</th></tr><tr class="param stripe"><td>chrome</td></tr><tr><th>Exception</th></tr><tr><td><div class="stacktrace">org.openqa.selenium.WebDriverException: unknown error: cannot get automation extension
from chrome not reachable
  (Session info: chrome=43.0.2357.130)
  (Driver info: chromedriver=2.16.333243 (0bfa1d3575fc1044244f21ddb82bf870944ef961),platform=Windows NT 6.1 x86_64) (WARNING: The server did not provide any stacktrace information)
Command duration or timeout: 250 milliseconds
Build info: version: &apos;2.46.0&apos;, revision: &apos;87c69e2&apos;, time: &apos;2015-06-04 16:16:47&apos;
System info: host: &apos;LGDN-PC&apos;, ip: &apos;192.168.190.215&apos;, os.name: &apos;Windows 7&apos;, os.arch: &apos;amd64&apos;, os.version: &apos;6.1&apos;, java.version: &apos;1.8.0_40&apos;
Driver info: org.openqa.selenium.chrome.ChromeDriver
Capabilities [{applicationCacheEnabled=false, rotatable=false, mobileEmulationEnabled=false, chrome={userDataDir=C:\Users\LGDN\AppData\Local\Temp\scoped_dir7956_29349}, takesHeapSnapshot=true, databaseEnabled=false, handlesAlerts=true, hasTouchScreen=false, version=43.0.2357.130, platform=XP, browserConnectionEnabled=false, nativeEvents=true, acceptSslCerts=true, locationContextEnabled=true, webStorageEnabled=true, browserName=chrome, takesScreenshot=true, javascriptEnabled=true, cssSelectorsEnabled=true}]
Session ID: 3d4252115b53fdd3061ea8b2936e98a4
	at org.openqa.selenium.remote.ErrorHandler.createThrowable(ErrorHandler.java:204)
	at org.openqa.selenium.remote.ErrorHandler.throwIfResponseFailed(ErrorHandler.java:156)
	at org.openqa.selenium.remote.RemoteWebDriver.execute(RemoteWebDriver.java:605)
	at org.openqa.selenium.remote.RemoteWebDriver$RemoteWebDriverOptions$RemoteWindow.maximize(RemoteWebDriver.java:843)
	at abtract.AbstractTest.openUrl(AbstractTest.java:30)
	at contacts.TM_Contact_004.setup(TM_Contact_004.java:23)
... Removed 28 stack frames</div></td></tr></table><p class="totop"><a href="#summary">back to summary</a></p><h3 id="m15">contacts.TM_Contact_004#tearDown</h3><table class="result"><tr><th>Exception</th></tr><tr><td><div class="stacktrace">java.lang.NullPointerException
	at org.openqa.selenium.support.pagefactory.DefaultElementLocator.findElement(DefaultElementLocator.java:69)
	at org.openqa.selenium.support.pagefactory.internal.LocatingElementHandler.invoke(LocatingElementHandler.java:38)
	at com.sun.proxy.$Proxy7.click(Unknown Source)
	at pages.AbstractPage.click(AbstractPage.java:61)
	at abtract.AbstractTest.logOut(AbstractTest.java:61)
	at contacts.TM_Contact_004.tearDown(TM_Contact_004.java:172)
... Removed 24 stack frames</div></td></tr></table><p class="totop"><a href="#summary">back to summary</a></p><h3 id="m16">weblinks.TM_Weblink_001#setup</h3><table class="result"><tr class="param"><th>Parameter #1</th></tr><tr class="param stripe"><td>chrome</td></tr><tr><th>Exception</th></tr><tr><td><div class="stacktrace">org.openqa.selenium.WebDriverException: unknown error: cannot get automation extension
from chrome not reachable
  (Session info: chrome=43.0.2357.130)
  (Driver info: chromedriver=2.16.333243 (0bfa1d3575fc1044244f21ddb82bf870944ef961),platform=Windows NT 6.1 x86_64) (WARNING: The server did not provide any stacktrace information)
Command duration or timeout: 250 milliseconds
Build info: version: &apos;2.46.0&apos;, revision: &apos;87c69e2&apos;, time: &apos;2015-06-04 16:16:47&apos;
System info: host: &apos;LGDN-PC&apos;, ip: &apos;192.168.190.215&apos;, os.name: &apos;Windows 7&apos;, os.arch: &apos;amd64&apos;, os.version: &apos;6.1&apos;, java.version: &apos;1.8.0_40&apos;
Driver info: org.openqa.selenium.chrome.ChromeDriver
Capabilities [{applicationCacheEnabled=false, rotatable=false, mobileEmulationEnabled=false, chrome={userDataDir=C:\Users\LGDN\AppData\Local\Temp\scoped_dir1712_15141}, takesHeapSnapshot=true, databaseEnabled=false, handlesAlerts=true, hasTouchScreen=false, version=43.0.2357.130, platform=XP, browserConnectionEnabled=false, nativeEvents=true, acceptSslCerts=true, locationContextEnabled=true, webStorageEnabled=true, browserName=chrome, takesScreenshot=true, javascriptEnabled=true, cssSelectorsEnabled=true}]
Session ID: 70fe122ace1fd61ab8cc422158811ad4
	at org.openqa.selenium.remote.ErrorHandler.createThrowable(ErrorHandler.java:204)
	at org.openqa.selenium.remote.ErrorHandler.throwIfResponseFailed(ErrorHandler.java:156)
	at org.openqa.selenium.remote.RemoteWebDriver.execute(RemoteWebDriver.java:605)
	at org.openqa.selenium.remote.RemoteWebDriver$RemoteWebDriverOptions$RemoteWindow.maximize(RemoteWebDriver.java:843)
	at abtract.AbstractTest.openUrl(AbstractTest.java:30)
	at weblinks.TM_Weblink_001.setup(TM_Weblink_001.java:21)
... Removed 28 stack frames</div></td></tr></table><p class="totop"><a href="#summary">back to summary</a></p><h3 id="m17">weblinks.TM_Weblink_001#tearDown</h3><table class="result"><tr><th>Exception</th></tr><tr><td><div class="stacktrace">java.lang.NullPointerException
	at org.openqa.selenium.support.pagefactory.DefaultElementLocator.findElement(DefaultElementLocator.java:69)
	at org.openqa.selenium.support.pagefactory.internal.LocatingElementHandler.invoke(LocatingElementHandler.java:38)
	at com.sun.proxy.$Proxy7.click(Unknown Source)
	at pages.AbstractPage.click(AbstractPage.java:61)
	at abtract.AbstractTest.logOut(AbstractTest.java:61)
	at weblinks.TM_Weblink_001.tearDown(TM_Weblink_001.java:153)
... Removed 24 stack frames</div></td></tr></table><p class="totop"><a href="#summary">back to summary</a></p><h3 id="m18">weblinks.TM_Weblink_002#tearDown</h3><table class="result"><tr><th>Exception</th></tr><tr><td><div class="stacktrace">org.openqa.selenium.NoSuchWindowException: no such window: target window already closed
from unknown error: web view not found
  (Session info: chrome=43.0.2357.130)
  (Driver info: chromedriver=2.16.333243 (0bfa1d3575fc1044244f21ddb82bf870944ef961),platform=Windows NT 6.1 x86_64) (WARNING: The server did not provide any stacktrace information)
Command duration or timeout: 7 milliseconds
Build info: version: &apos;2.46.0&apos;, revision: &apos;87c69e2&apos;, time: &apos;2015-06-04 16:16:47&apos;
System info: host: &apos;LGDN-PC&apos;, ip: &apos;192.168.190.215&apos;, os.name: &apos;Windows 7&apos;, os.arch: &apos;amd64&apos;, os.version: &apos;6.1&apos;, java.version: &apos;1.8.0_40&apos;
Driver info: org.openqa.selenium.chrome.ChromeDriver
Capabilities [{applicationCacheEnabled=false, rotatable=false, mobileEmulationEnabled=false, chrome={userDataDir=C:\Users\LGDN\AppData\Local\Temp\scoped_dir6996_7794}, takesHeapSnapshot=true, databaseEnabled=false, handlesAlerts=true, hasTouchScreen=false, version=43.0.2357.130, platform=XP, browserConnectionEnabled=false, nativeEvents=true, acceptSslCerts=true, locationContextEnabled=true, webStorageEnabled=true, browserName=chrome, takesScreenshot=true, javascriptEnabled=true, cssSelectorsEnabled=true}]
Session ID: 15a8f7954adf10b3fb74ac27e129e6a0
*** Element info: {Using=xpath, value=.//*[@id=&apos;module-status&apos;]/span[5]/a}
	at org.openqa.selenium.remote.ErrorHandler.createThrowable(ErrorHandler.java:204)
	at org.openqa.selenium.remote.ErrorHandler.throwIfResponseFailed(ErrorHandler.java:156)
	at org.openqa.selenium.remote.RemoteWebDriver.execute(RemoteWebDriver.java:605)
	at org.openqa.selenium.remote.RemoteWebDriver.findElement(RemoteWebDriver.java:358)
	at org.openqa.selenium.remote.RemoteWebDriver.findElementByXPath(RemoteWebDriver.java:455)
	at org.openqa.selenium.By$ByXPath.findElement(By.java:358)
	at org.openqa.selenium.remote.RemoteWebDriver.findElement(RemoteWebDriver.java:350)
	at org.openqa.selenium.support.pagefactory.DefaultElementLocator.findElement(DefaultElementLocator.java:69)
	at org.openqa.selenium.support.pagefactory.internal.LocatingElementHandler.invoke(LocatingElementHandler.java:38)
	at com.sun.proxy.$Proxy7.click(Unknown Source)
	at pages.AbstractPage.click(AbstractPage.java:61)
	at abtract.AbstractTest.logOut(AbstractTest.java:61)
	at weblinks.TM_Weblink_002.tearDown(TM_Weblink_002.java:81)
... Removed 28 stack frames</div></td></tr></table><p class="totop"><a href="#summary">back to summary</a></p><h3 id="m19">weblinks.TM_Weblink_003#setup</h3><table class="result"><tr class="param"><th>Parameter #1</th></tr><tr class="param stripe"><td>chrome</td></tr><tr><th>Exception</th></tr><tr><td><div class="stacktrace">org.openqa.selenium.WebDriverException: unknown error: cannot get automation extension
from chrome not reachable
  (Session info: chrome=43.0.2357.130)
  (Driver info: chromedriver=2.16.333243 (0bfa1d3575fc1044244f21ddb82bf870944ef961),platform=Windows NT 6.1 x86_64) (WARNING: The server did not provide any stacktrace information)
Command duration or timeout: 253 milliseconds
Build info: version: &apos;2.46.0&apos;, revision: &apos;87c69e2&apos;, time: &apos;2015-06-04 16:16:47&apos;
System info: host: &apos;LGDN-PC&apos;, ip: &apos;192.168.190.215&apos;, os.name: &apos;Windows 7&apos;, os.arch: &apos;amd64&apos;, os.version: &apos;6.1&apos;, java.version: &apos;1.8.0_40&apos;
Driver info: org.openqa.selenium.chrome.ChromeDriver
Capabilities [{applicationCacheEnabled=false, rotatable=false, mobileEmulationEnabled=false, chrome={userDataDir=C:\Users\LGDN\AppData\Local\Temp\scoped_dir1740_5122}, takesHeapSnapshot=true, databaseEnabled=false, handlesAlerts=true, hasTouchScreen=false, version=43.0.2357.130, platform=XP, browserConnectionEnabled=false, nativeEvents=true, acceptSslCerts=true, locationContextEnabled=true, webStorageEnabled=true, browserName=chrome, takesScreenshot=true, javascriptEnabled=true, cssSelectorsEnabled=true}]
Session ID: 01f4284ebc016fda59f4caa77ffd563d
	at org.openqa.selenium.remote.ErrorHandler.createThrowable(ErrorHandler.java:204)
	at org.openqa.selenium.remote.ErrorHandler.throwIfResponseFailed(ErrorHandler.java:156)
	at org.openqa.selenium.remote.RemoteWebDriver.execute(RemoteWebDriver.java:605)
	at org.openqa.selenium.remote.RemoteWebDriver$RemoteWebDriverOptions$RemoteWindow.maximize(RemoteWebDriver.java:843)
	at abtract.AbstractTest.openUrl(AbstractTest.java:30)
	at weblinks.TM_Weblink_003.setup(TM_Weblink_003.java:21)
... Removed 28 stack frames</div></td></tr></table><p class="totop"><a href="#summary">back to summary</a></p><h3 id="m20">weblinks.TM_Weblink_003#tearDown</h3><table class="result"><tr><th>Exception</th></tr><tr><td><div class="stacktrace">java.lang.NullPointerException
	at org.openqa.selenium.support.pagefactory.DefaultElementLocator.findElement(DefaultElementLocator.java:69)
	at org.openqa.selenium.support.pagefactory.internal.LocatingElementHandler.invoke(LocatingElementHandler.java:38)
	at com.sun.proxy.$Proxy7.click(Unknown Source)
	at pages.AbstractPage.click(AbstractPage.java:61)
	at abtract.AbstractTest.logOut(AbstractTest.java:61)
	at weblinks.TM_Weblink_003.tearDown(TM_Weblink_003.java:83)
... Removed 24 stack frames</div></td></tr></table><p class="totop"><a href="#summary">back to summary</a></p><h3 id="m21">weblinks.TM_Weblink_004#setup</h3><table class="result"><tr class="param"><th>Parameter #1</th></tr><tr class="param stripe"><td>chrome</td></tr><tr><th>Exception</th></tr><tr><td><div class="stacktrace">org.openqa.selenium.WebDriverException: unknown error: cannot get automation extension
from chrome not reachable
  (Session info: chrome=43.0.2357.130)
  (Driver info: chromedriver=2.16.333243 (0bfa1d3575fc1044244f21ddb82bf870944ef961),platform=Windows NT 6.1 x86_64) (WARNING: The server did not provide any stacktrace information)
Command duration or timeout: 236 milliseconds
Build info: version: &apos;2.46.0&apos;, revision: &apos;87c69e2&apos;, time: &apos;2015-06-04 16:16:47&apos;
System info: host: &apos;LGDN-PC&apos;, ip: &apos;192.168.190.215&apos;, os.name: &apos;Windows 7&apos;, os.arch: &apos;amd64&apos;, os.version: &apos;6.1&apos;, java.version: &apos;1.8.0_40&apos;
Driver info: org.openqa.selenium.chrome.ChromeDriver
Capabilities [{applicationCacheEnabled=false, rotatable=false, mobileEmulationEnabled=false, chrome={userDataDir=C:\Users\LGDN\AppData\Local\Temp\scoped_dir4976_1118}, takesHeapSnapshot=true, databaseEnabled=false, handlesAlerts=true, hasTouchScreen=false, version=43.0.2357.130, platform=XP, browserConnectionEnabled=false, nativeEvents=true, acceptSslCerts=true, locationContextEnabled=true, webStorageEnabled=true, browserName=chrome, takesScreenshot=true, javascriptEnabled=true, cssSelectorsEnabled=true}]
Session ID: 2cd38860bd7c22db22b97c27044683b7
	at org.openqa.selenium.remote.ErrorHandler.createThrowable(ErrorHandler.java:204)
	at org.openqa.selenium.remote.ErrorHandler.throwIfResponseFailed(ErrorHandler.java:156)
	at org.openqa.selenium.remote.RemoteWebDriver.execute(RemoteWebDriver.java:605)
	at org.openqa.selenium.remote.RemoteWebDriver$RemoteWebDriverOptions$RemoteWindow.maximize(RemoteWebDriver.java:843)
	at abtract.AbstractTest.openUrl(AbstractTest.java:30)
	at weblinks.TM_Weblink_004.setup(TM_Weblink_004.java:21)
... Removed 28 stack frames</div></td></tr></table><p class="totop"><a href="#summary">back to summary</a></p><h3 id="m22">weblinks.TM_Weblink_004#tearDown</h3><table class="result"><tr><th>Exception</th></tr><tr><td><div class="stacktrace">java.lang.NullPointerException
	at org.openqa.selenium.support.pagefactory.DefaultElementLocator.findElement(DefaultElementLocator.java:69)
	at org.openqa.selenium.support.pagefactory.internal.LocatingElementHandler.invoke(LocatingElementHandler.java:38)
	at com.sun.proxy.$Proxy7.click(Unknown Source)
	at pages.AbstractPage.click(AbstractPage.java:61)
	at abtract.AbstractTest.logOut(AbstractTest.java:61)
	at weblinks.TM_Weblink_004.tearDown(TM_Weblink_004.java:200)
... Removed 24 stack frames</div></td></tr></table><p class="totop"><a href="#summary">back to summary</a></p><h3 id="m23">article.TM_Article_001#TC_JOOMLA_Article_002</h3><table class="result"><tr><th>Exception</th></tr><tr><td><div class="stacktrace">org.openqa.selenium.WebDriverException: unknown error: keys should be a string
  (Session info: chrome=43.0.2357.130)
  (Driver info: chromedriver=2.16.333243 (0bfa1d3575fc1044244f21ddb82bf870944ef961),platform=Windows NT 6.1 x86_64) (WARNING: The server did not provide any stacktrace information)
Command duration or timeout: 29 milliseconds
Build info: version: &apos;2.46.0&apos;, revision: &apos;87c69e2&apos;, time: &apos;2015-06-04 16:16:47&apos;
System info: host: &apos;LGDN-PC&apos;, ip: &apos;192.168.190.215&apos;, os.name: &apos;Windows 7&apos;, os.arch: &apos;amd64&apos;, os.version: &apos;6.1&apos;, java.version: &apos;1.8.0_40&apos;
Driver info: org.openqa.selenium.chrome.ChromeDriver
Capabilities [{applicationCacheEnabled=false, rotatable=false, mobileEmulationEnabled=false, chrome={userDataDir=C:\Users\LGDN\AppData\Local\Temp\scoped_dir5352_6930}, takesHeapSnapshot=true, databaseEnabled=false, handlesAlerts=true, hasTouchScreen=false, version=43.0.2357.130, platform=XP, browserConnectionEnabled=false, nativeEvents=true, acceptSslCerts=true, locationContextEnabled=true, webStorageEnabled=true, browserName=chrome, takesScreenshot=true, javascriptEnabled=true, cssSelectorsEnabled=true}]
Session ID: c2d2117c7467fd068ddb99a1953ac9b2
	at org.openqa.selenium.remote.ErrorHandler.createThrowable(ErrorHandler.java:204)
	at org.openqa.selenium.remote.ErrorHandler.throwIfResponseFailed(ErrorHandler.java:156)
	at org.openqa.selenium.remote.RemoteWebDriver.execute(RemoteWebDriver.java:605)
	at org.openqa.selenium.remote.RemoteWebElement.execute(RemoteWebElement.java:269)
	at org.openqa.selenium.remote.RemoteWebElement.sendKeys(RemoteWebElement.java:90)
	at org.openqa.selenium.support.pagefactory.internal.LocatingElementHandler.invoke(LocatingElementHandler.java:51)
	at com.sun.proxy.$Proxy7.sendKeys(Unknown Source)
	at pages.AbstractPage.type(AbstractPage.java:51)
	at pages.EditArticlePage.typeAlias(EditArticlePage.java:58)
	at pages.EditArticlePage.enterValueInToCreateArticleForm(EditArticlePage.java:118)
	at pages.EditArticlePage.editArticleBySaveAndClose(EditArticlePage.java:136)
	at article.TM_Article_001.TC_JOOMLA_Article_002(TM_Article_001.java:70)
... Removed 32 stack frames</div></td></tr></table><p class="totop"><a href="#summary">back to summary</a></p><h3 id="m24">article.TM_Article_001#TC_JOOMLA_Article_009</h3><table class="result"><tr><th>Exception</th></tr><tr><td><div class="stacktrace">org.openqa.selenium.NoSuchElementException: no such element
  (Session info: chrome=43.0.2357.130)
  (Driver info: chromedriver=2.16.333243 (0bfa1d3575fc1044244f21ddb82bf870944ef961),platform=Windows NT 6.1 x86_64) (WARNING: The server did not provide any stacktrace information)
Command duration or timeout: 10.03 seconds
For documentation on this error, please visit: http://seleniumhq.org/exceptions/no_such_element.html
Build info: version: &apos;2.46.0&apos;, revision: &apos;87c69e2&apos;, time: &apos;2015-06-04 16:16:47&apos;
System info: host: &apos;LGDN-PC&apos;, ip: &apos;192.168.190.215&apos;, os.name: &apos;Windows 7&apos;, os.arch: &apos;amd64&apos;, os.version: &apos;6.1&apos;, java.version: &apos;1.8.0_40&apos;
Driver info: org.openqa.selenium.chrome.ChromeDriver
Capabilities [{applicationCacheEnabled=false, rotatable=false, mobileEmulationEnabled=false, chrome={userDataDir=C:\Users\LGDN\AppData\Local\Temp\scoped_dir5352_6930}, takesHeapSnapshot=true, databaseEnabled=false, handlesAlerts=true, hasTouchScreen=false, version=43.0.2357.130, platform=XP, browserConnectionEnabled=false, nativeEvents=true, acceptSslCerts=true, locationContextEnabled=true, webStorageEnabled=true, browserName=chrome, takesScreenshot=true, javascriptEnabled=true, cssSelectorsEnabled=true}]
Session ID: c2d2117c7467fd068ddb99a1953ac9b2
*** Element info: {Using=xpath, value=//a[contains(text(),&apos;Article Manager&apos;)]}
	at org.openqa.selenium.remote.ErrorHandler.createThrowable(ErrorHandler.java:204)
	at org.openqa.selenium.remote.ErrorHandler.throwIfResponseFailed(ErrorHandler.java:156)
	at org.openqa.selenium.remote.RemoteWebDriver.execute(RemoteWebDriver.java:605)
	at org.openqa.selenium.remote.RemoteWebDriver.findElement(RemoteWebDriver.java:358)
	at org.openqa.selenium.remote.RemoteWebDriver.findElementByXPath(RemoteWebDriver.java:455)
	at org.openqa.selenium.By$ByXPath.findElement(By.java:358)
	at org.openqa.selenium.remote.RemoteWebDriver.findElement(RemoteWebDriver.java:350)
	at pages.AbstractPage.selectMenuItem(AbstractPage.java:161)
	at pages.HomePage.gotoArticlePage(HomePage.java:49)
	at article.TM_Article_001.TC_JOOMLA_Article_009(TM_Article_001.java:82)
... Removed 28 stack frames</div></td></tr></table><p class="totop"><a href="#summary">back to summary</a></p><h3 id="m25">banners.TM_Banners_001#TC_JOOMLA_Banner_001</h3><table class="result"><tr><th>Exception</th></tr><tr><td><div class="stacktrace">java.lang.Error: Unresolved compilation problem: 
	The method verifyBannerClientSavedSuccessfully() is undefined for the type BannerClientsPage

	at banners.TM_Banners_001.TC_JOOMLA_Banner_001(TM_Banners_001.java:52)
... Removed 24 stack frames</div></td></tr></table><p class="totop"><a href="#summary">back to summary</a></p><h3 id="m26">banners.TM_Banners_001#TC_JOOMLA_Banner_004</h3><table class="result"><tr><th>Exception</th></tr><tr><td><div class="stacktrace">java.lang.NullPointerException
	at banners.TM_Banners_001.TC_JOOMLA_Banner_004(TM_Banners_001.java:96)
... Removed 24 stack frames</div></td></tr></table><p class="totop"><a href="#summary">back to summary</a></p><h3 id="m27">banners.TM_Banners_001#TC_JOOMLA_Banner_008</h3><table class="result"><tr><th>Exception</th></tr><tr><td><div class="stacktrace">java.lang.NullPointerException
	at banners.TM_Banners_001.TC_JOOMLA_Banner_008(TM_Banners_001.java:87)
... Removed 24 stack frames</div></td></tr></table><p class="totop"><a href="#summary">back to summary</a></p><h3 id="m28">banners.TM_Banners_002#TC_JOOMLA_Banner_002</h3><table class="result"><tr><th>Exception</th></tr><tr><td><div class="stacktrace">java.lang.Error: Unresolved compilation problem: 
	The method verifyBannerClientSavedSuccessfully() is undefined for the type BannerClientsPage

	at banners.TM_Banners_002.TC_JOOMLA_Banner_002(TM_Banners_002.java:53)
... Removed 24 stack frames</div></td></tr></table><p class="totop"><a href="#summary">back to summary</a></p><h3 id="m29">banners.TM_Banners_002#TC_JOOMLA_Banner_005</h3><table class="result"><tr><th>Exception</th></tr><tr><td><div class="stacktrace">java.lang.NullPointerException
	at banners.TM_Banners_002.TC_JOOMLA_Banner_005(TM_Banners_002.java:93)
... Removed 24 stack frames</div></td></tr></table><p class="totop"><a href="#summary">back to summary</a></p><h3 id="m30">banners.TM_Banners_003#TC_JOOMLA_Banner_003</h3><table class="result"><tr><th>Exception</th></tr><tr><td><div class="stacktrace">java.lang.Error: Unresolved compilation problem: 
	The method verifyBannerClientSavedSuccessfully() is undefined for the type BannerClientsPage

	at banners.TM_Banners_003.TC_JOOMLA_Banner_003(TM_Banners_003.java:53)
... Removed 24 stack frames</div></td></tr></table><p class="totop"><a href="#summary">back to summary</a></p><h3 id="m31">banners.TM_Banners_003#TC_JOOMLA_Banner_006</h3><table class="result"><tr><th>Exception</th></tr><tr><td><div class="stacktrace">java.lang.NullPointerException
	at banners.TM_Banners_003.TC_JOOMLA_Banner_006(TM_Banners_003.java:91)
... Removed 24 stack frames</div></td></tr></table><p class="totop"><a href="#summary">back to summary</a></p><h3 id="m32">banners.TM_Banners_003#TC_JOOMLA_Banner_007</h3><table class="result"><tr><th>Exception</th></tr><tr><td><div class="stacktrace">java.lang.NullPointerException
	at banners.TM_Banners_003.TC_JOOMLA_Banner_007(TM_Banners_003.java:101)
... Removed 24 stack frames</div></td></tr></table><p class="totop"><a href="#summary">back to summary</a></p><h3 id="m33">banners.TM_Banners_004#TC_JOOMLA_Banner_010</h3><table class="result"><tr class="param"><th>Parameter #1</th></tr><tr class="param stripe"><td>chrome</td></tr><tr><th>Exception</th></tr><tr><td><div class="stacktrace">java.lang.Error: Unresolved compilation problem: 
	The method verifyBannerClientSavedSuccessfully() is undefined for the type BannerClientsPage

	at banners.TM_Banners_004.TC_JOOMLA_Banner_010(TM_Banners_004.java:52)
... Removed 24 stack frames</div></td></tr></table><p class="totop"><a href="#summary">back to summary</a></p><h3 id="m34">banners.TM_Banners_005#TC_JOOMLA_Banner_009</h3><table class="result"><tr><th>Exception</th></tr><tr><td><div class="stacktrace">java.lang.Error: Unresolved compilation problem: 
	The method verifyBannerClientSavedSuccessfully() is undefined for the type BannerClientsPage

	at banners.TM_Banners_005.TC_JOOMLA_Banner_009(TM_Banners_005.java:54)
... Removed 24 stack frames</div></td></tr></table><p class="totop"><a href="#summary">back to summary</a></p><h3 id="m35">banners.TM_Banners_006#TC_JOOMLA_Banner_011</h3><table class="result"><tr><th>Exception</th></tr><tr><td><div class="stacktrace">java.lang.Error: Unresolved compilation problem: 
	The method verifyBannerClientSavedSuccessfully() is undefined for the type BannerClientsPage

	at banners.TM_Banners_006.TC_JOOMLA_Banner_011(TM_Banners_006.java:54)
... Removed 24 stack frames</div></td></tr></table><p class="totop"><a href="#summary">back to summary</a></p><h3 id="m36">banners.TM_Banners_007#TC_JOOMLA_Banner_013</h3><table class="result"><tr><th>Exception</th></tr><tr><td><div class="stacktrace">java.lang.Error: Unresolved compilation problem: 
	The method verifyBannerClientSavedSuccessfully() is undefined for the type BannerClientsPage

	at banners.TM_Banners_007.TC_JOOMLA_Banner_013(TM_Banners_007.java:55)
... Removed 24 stack frames</div></td></tr></table><p class="totop"><a href="#summary">back to summary</a></p><h3 id="m37">banners.TM_Banners_007#TC_JOOMLA_Banners_012</h3><table class="result"><tr><th>Exception</th></tr><tr><td><div class="stacktrace">java.lang.NullPointerException
	at banners.TM_Banners_007.TC_JOOMLA_Banners_012(TM_Banners_007.java:104)
... Removed 24 stack frames</div></td></tr></table><p class="totop"><a href="#summary">back to summary</a></p><h3 id="m38">banners.TM_Banners_008#TC_JOOMLA_Banner_014</h3><table class="result"><tr><th>Exception</th></tr><tr><td><div class="stacktrace">java.lang.Error: Unresolved compilation problem: 
	The method verifyBannerClientSavedSuccessfully() is undefined for the type BannerClientsPage

	at banners.TM_Banners_008.TC_JOOMLA_Banner_014(TM_Banners_008.java:53)
... Removed 24 stack frames</div></td></tr></table><p class="totop"><a href="#summary">back to summary</a></p><h3 id="m39">banners.TM_Banners_008#TC_JOOMLA_Banner_015</h3><table class="result"><tr><th>Exception</th></tr><tr><td><div class="stacktrace">java.lang.NullPointerException
	at banners.TM_Banners_008.TC_JOOMLA_Banner_015(TM_Banners_008.java:85)
... Removed 24 stack frames</div></td></tr></table><p class="totop"><a href="#summary">back to summary</a></p><h3 id="m40">banners.TM_Banners_008#TC_JOOMLA_Banner_016</h3><table class="result"><tr><th>Exception</th></tr><tr><td><div class="stacktrace">java.lang.NullPointerException
	at banners.TM_Banners_008.TC_JOOMLA_Banner_016(TM_Banners_008.java:92)
... Removed 24 stack frames</div></td></tr></table><p class="totop"><a href="#summary">back to summary</a></p><h3 id="m41">banners.TM_Banners_008#TC_JOOMLA_Banner_017</h3><table class="result"><tr><th>Exception</th></tr><tr><td><div class="stacktrace">java.lang.NullPointerException
	at banners.TM_Banners_008.TC_JOOMLA_Banner_017(TM_Banners_008.java:107)
... Removed 24 stack frames</div></td></tr></table><p class="totop"><a href="#summary">back to summary</a></p><h3 id="m42">categorymanager.TM_CategoryManager_004#TC_JOOMLA_CategoryManager_014</h3><table class="result"><tr><th>Exception</th></tr><tr><td><div class="stacktrace">org.openqa.selenium.WebDriverException: chrome not reachable
  (Session info: chrome=43.0.2357.130)
  (Driver info: chromedriver=2.16.333243 (0bfa1d3575fc1044244f21ddb82bf870944ef961),platform=Windows NT 6.1 x86_64) (WARNING: The server did not provide any stacktrace information)
Command duration or timeout: 2.01 seconds
Build info: version: &apos;2.46.0&apos;, revision: &apos;87c69e2&apos;, time: &apos;2015-06-04 16:16:47&apos;
System info: host: &apos;LGDN-PC&apos;, ip: &apos;192.168.190.215&apos;, os.name: &apos;Windows 7&apos;, os.arch: &apos;amd64&apos;, os.version: &apos;6.1&apos;, java.version: &apos;1.8.0_40&apos;
Driver info: org.openqa.selenium.chrome.ChromeDriver
Capabilities [{applicationCacheEnabled=false, rotatable=false, mobileEmulationEnabled=false, chrome={userDataDir=C:\Users\LGDN\AppData\Local\Temp\scoped_dir6212_18063}, takesHeapSnapshot=true, databaseEnabled=false, handlesAlerts=true, hasTouchScreen=false, version=43.0.2357.130, platform=XP, browserConnectionEnabled=false, nativeEvents=true, acceptSslCerts=true, locationContextEnabled=true, webStorageEnabled=true, browserName=chrome, takesScreenshot=true, javascriptEnabled=true, cssSelectorsEnabled=true}]
Session ID: 76bc69918f13a38e92d8ff55df98c2e0
*** Element info: {Using=xpath, value=.//*[@id=&apos;jform_title&apos;]}
	at org.openqa.selenium.remote.ErrorHandler.createThrowable(ErrorHandler.java:204)
	at org.openqa.selenium.remote.ErrorHandler.throwIfResponseFailed(ErrorHandler.java:156)
	at org.openqa.selenium.remote.RemoteWebDriver.execute(RemoteWebDriver.java:605)
	at org.openqa.selenium.remote.RemoteWebDriver.findElement(RemoteWebDriver.java:358)
	at org.openqa.selenium.remote.RemoteWebDriver.findElementByXPath(RemoteWebDriver.java:455)
	at org.openqa.selenium.By$ByXPath.findElement(By.java:358)
	at org.openqa.selenium.remote.RemoteWebDriver.findElement(RemoteWebDriver.java:350)
	at org.openqa.selenium.support.pagefactory.DefaultElementLocator.findElement(DefaultElementLocator.java:69)
	at org.openqa.selenium.support.pagefactory.internal.LocatingElementHandler.invoke(LocatingElementHandler.java:38)
	at com.sun.proxy.$Proxy7.clear(Unknown Source)
	at pages.AbstractPage.type(AbstractPage.java:49)
	at pages.CreateNewArticlePage.typeTitle(CreateNewArticlePage.java:21)
	at categorymanager.TM_CategoryManager_004.TC_JOOMLA_CategoryManager_014(TM_CategoryManager_004.java:83)
... Removed 28 stack frames</div></td></tr></table><p class="totop"><a href="#summary">back to summary</a></p><h3 id="m43">categorymanager.TM_CategoryManager_004#TC_JOOMLA_CategoryManager_015</h3><table class="result"><tr><th>Exception</th></tr><tr><td><div class="stacktrace">org.openqa.selenium.WebDriverException: chrome not reachable
  (Session info: chrome=43.0.2357.130)
  (Driver info: chromedriver=2.16.333243 (0bfa1d3575fc1044244f21ddb82bf870944ef961),platform=Windows NT 6.1 x86_64) (WARNING: The server did not provide any stacktrace information)
Command duration or timeout: 2.01 seconds
Build info: version: &apos;2.46.0&apos;, revision: &apos;87c69e2&apos;, time: &apos;2015-06-04 16:16:47&apos;
System info: host: &apos;LGDN-PC&apos;, ip: &apos;192.168.190.215&apos;, os.name: &apos;Windows 7&apos;, os.arch: &apos;amd64&apos;, os.version: &apos;6.1&apos;, java.version: &apos;1.8.0_40&apos;
Driver info: org.openqa.selenium.chrome.ChromeDriver
Capabilities [{applicationCacheEnabled=false, rotatable=false, mobileEmulationEnabled=false, chrome={userDataDir=C:\Users\LGDN\AppData\Local\Temp\scoped_dir6212_18063}, takesHeapSnapshot=true, databaseEnabled=false, handlesAlerts=true, hasTouchScreen=false, version=43.0.2357.130, platform=XP, browserConnectionEnabled=false, nativeEvents=true, acceptSslCerts=true, locationContextEnabled=true, webStorageEnabled=true, browserName=chrome, takesScreenshot=true, javascriptEnabled=true, cssSelectorsEnabled=true}]
Session ID: 76bc69918f13a38e92d8ff55df98c2e0
*** Element info: {Using=xpath, value=//a[contains(text(),&apos;article130620159348&apos;)]/../preceding-sibling::td/input}
	at org.openqa.selenium.remote.ErrorHandler.createThrowable(ErrorHandler.java:204)
	at org.openqa.selenium.remote.ErrorHandler.throwIfResponseFailed(ErrorHandler.java:156)
	at org.openqa.selenium.remote.RemoteWebDriver.execute(RemoteWebDriver.java:605)
	at org.openqa.selenium.remote.RemoteWebDriver.findElement(RemoteWebDriver.java:358)
	at org.openqa.selenium.remote.RemoteWebDriver.findElementByXPath(RemoteWebDriver.java:455)
	at org.openqa.selenium.By$ByXPath.findElement(By.java:358)
	at org.openqa.selenium.remote.RemoteWebDriver.findElement(RemoteWebDriver.java:350)
	at pages.AbstractPage.findElementByXPath(AbstractPage.java:111)
	at pages.ArticlePage.clickOnCheckBoxArticle(ArticlePage.java:126)
	at categorymanager.TM_CategoryManager_004.TC_JOOMLA_CategoryManager_015(TM_CategoryManager_004.java:120)
... Removed 28 stack frames</div></td></tr></table><p class="totop"><a href="#summary">back to summary</a></p><h3 id="m44">categorymanager.TM_CategoryManager_004#TC_JOOMLA_CategoryManager_016</h3><table class="result"><tr><th>Exception</th></tr><tr><td><div class="stacktrace">org.openqa.selenium.WebDriverException: chrome not reachable
  (Session info: chrome=43.0.2357.130)
  (Driver info: chromedriver=2.16.333243 (0bfa1d3575fc1044244f21ddb82bf870944ef961),platform=Windows NT 6.1 x86_64) (WARNING: The server did not provide any stacktrace information)
Command duration or timeout: 2.00 seconds
Build info: version: &apos;2.46.0&apos;, revision: &apos;87c69e2&apos;, time: &apos;2015-06-04 16:16:47&apos;
System info: host: &apos;LGDN-PC&apos;, ip: &apos;192.168.190.215&apos;, os.name: &apos;Windows 7&apos;, os.arch: &apos;amd64&apos;, os.version: &apos;6.1&apos;, java.version: &apos;1.8.0_40&apos;
Driver info: org.openqa.selenium.chrome.ChromeDriver
Capabilities [{applicationCacheEnabled=false, rotatable=false, mobileEmulationEnabled=false, chrome={userDataDir=C:\Users\LGDN\AppData\Local\Temp\scoped_dir6212_18063}, takesHeapSnapshot=true, databaseEnabled=false, handlesAlerts=true, hasTouchScreen=false, version=43.0.2357.130, platform=XP, browserConnectionEnabled=false, nativeEvents=true, acceptSslCerts=true, locationContextEnabled=true, webStorageEnabled=true, browserName=chrome, takesScreenshot=true, javascriptEnabled=true, cssSelectorsEnabled=true}]
Session ID: 76bc69918f13a38e92d8ff55df98c2e0
*** Element info: {Using=xpath, value=//input[@id=&apos;filter_search&apos;]}
	at org.openqa.selenium.remote.ErrorHandler.createThrowable(ErrorHandler.java:204)
	at org.openqa.selenium.remote.ErrorHandler.throwIfResponseFailed(ErrorHandler.java:156)
	at org.openqa.selenium.remote.RemoteWebDriver.execute(RemoteWebDriver.java:605)
	at org.openqa.selenium.remote.RemoteWebDriver.findElement(RemoteWebDriver.java:358)
	at org.openqa.selenium.remote.RemoteWebDriver.findElementByXPath(RemoteWebDriver.java:455)
	at org.openqa.selenium.By$ByXPath.findElement(By.java:358)
	at org.openqa.selenium.remote.RemoteWebDriver.findElement(RemoteWebDriver.java:350)
	at org.openqa.selenium.support.pagefactory.DefaultElementLocator.findElement(DefaultElementLocator.java:69)
	at org.openqa.selenium.support.pagefactory.internal.LocatingElementHandler.invoke(LocatingElementHandler.java:38)
	at com.sun.proxy.$Proxy7.clear(Unknown Source)
	at pages.ArticlePage.searchArticle(ArticlePage.java:272)
	at categorymanager.TM_CategoryManager_004.TC_JOOMLA_CategoryManager_016(TM_CategoryManager_004.java:147)
... Removed 28 stack frames</div></td></tr></table><p class="totop"><a href="#summary">back to summary</a></p><h3 id="m45">categorymanager.TM_CategoryManager_004#TC_JOOMLA_CategoryManager_017</h3><table class="result"><tr><th>Exception</th></tr><tr><td><div class="stacktrace">org.openqa.selenium.WebDriverException: chrome not reachable
  (Session info: chrome=43.0.2357.130)
  (Driver info: chromedriver=2.16.333243 (0bfa1d3575fc1044244f21ddb82bf870944ef961),platform=Windows NT 6.1 x86_64) (WARNING: The server did not provide any stacktrace information)
Command duration or timeout: 2.00 seconds
Build info: version: &apos;2.46.0&apos;, revision: &apos;87c69e2&apos;, time: &apos;2015-06-04 16:16:47&apos;
System info: host: &apos;LGDN-PC&apos;, ip: &apos;192.168.190.215&apos;, os.name: &apos;Windows 7&apos;, os.arch: &apos;amd64&apos;, os.version: &apos;6.1&apos;, java.version: &apos;1.8.0_40&apos;
Driver info: org.openqa.selenium.chrome.ChromeDriver
Capabilities [{applicationCacheEnabled=false, rotatable=false, mobileEmulationEnabled=false, chrome={userDataDir=C:\Users\LGDN\AppData\Local\Temp\scoped_dir6212_18063}, takesHeapSnapshot=true, databaseEnabled=false, handlesAlerts=true, hasTouchScreen=false, version=43.0.2357.130, platform=XP, browserConnectionEnabled=false, nativeEvents=true, acceptSslCerts=true, locationContextEnabled=true, webStorageEnabled=true, browserName=chrome, takesScreenshot=true, javascriptEnabled=true, cssSelectorsEnabled=true}]
Session ID: 76bc69918f13a38e92d8ff55df98c2e0
*** Element info: {Using=xpath, value=//li[@id=&apos;toolbar-new&apos;]/a/span}
	at org.openqa.selenium.remote.ErrorHandler.createThrowable(ErrorHandler.java:204)
	at org.openqa.selenium.remote.ErrorHandler.throwIfResponseFailed(ErrorHandler.java:156)
	at org.openqa.selenium.remote.RemoteWebDriver.execute(RemoteWebDriver.java:605)
	at org.openqa.selenium.remote.RemoteWebDriver.findElement(RemoteWebDriver.java:358)
	at org.openqa.selenium.remote.RemoteWebDriver.findElementByXPath(RemoteWebDriver.java:455)
	at org.openqa.selenium.By$ByXPath.findElement(By.java:358)
	at org.openqa.selenium.remote.RemoteWebDriver.findElement(RemoteWebDriver.java:350)
	at org.openqa.selenium.support.pagefactory.DefaultElementLocator.findElement(DefaultElementLocator.java:69)
	at org.openqa.selenium.support.pagefactory.internal.LocatingElementHandler.invoke(LocatingElementHandler.java:38)
	at com.sun.proxy.$Proxy7.click(Unknown Source)
	at pages.AbstractPage.click(AbstractPage.java:61)
	at pages.CategoryManagerPage.clickOnNewbutton(CategoryManagerPage.java:28)
	at categorymanager.TM_CategoryManager_004.TC_JOOMLA_CategoryManager_017(TM_CategoryManager_004.java:182)
... Removed 28 stack frames</div></td></tr></table><p class="totop"><a href="#summary">back to summary</a></p><h3 id="m46">contacts.TM_Contact_001#TC_JOOMLA_Contact_001</h3><table class="result"><tr><th>Exception</th></tr><tr><td><div class="stacktrace">org.openqa.selenium.NoSuchWindowException: no such window: target window already closed
from unknown error: web view not found
  (Session info: chrome=43.0.2357.130)
  (Driver info: chromedriver=2.16.333243 (0bfa1d3575fc1044244f21ddb82bf870944ef961),platform=Windows NT 6.1 x86_64) (WARNING: The server did not provide any stacktrace information)
Command duration or timeout: 2 milliseconds
Build info: version: &apos;2.46.0&apos;, revision: &apos;87c69e2&apos;, time: &apos;2015-06-04 16:16:47&apos;
System info: host: &apos;LGDN-PC&apos;, ip: &apos;192.168.190.215&apos;, os.name: &apos;Windows 7&apos;, os.arch: &apos;amd64&apos;, os.version: &apos;6.1&apos;, java.version: &apos;1.8.0_40&apos;
Driver info: org.openqa.selenium.chrome.ChromeDriver
Capabilities [{applicationCacheEnabled=false, rotatable=false, mobileEmulationEnabled=false, chrome={userDataDir=C:\Users\LGDN\AppData\Local\Temp\scoped_dir1124_15196}, takesHeapSnapshot=true, databaseEnabled=false, handlesAlerts=true, hasTouchScreen=false, version=43.0.2357.130, platform=XP, browserConnectionEnabled=false, nativeEvents=true, acceptSslCerts=true, locationContextEnabled=true, webStorageEnabled=true, browserName=chrome, takesScreenshot=true, javascriptEnabled=true, cssSelectorsEnabled=true}]
Session ID: 35e6874d1c440acd424df1b44d250f27
*** Element info: {Using=xpath, value=//a[contains(text(),&apos;Log in&apos;)]}
	at org.openqa.selenium.remote.ErrorHandler.createThrowable(ErrorHandler.java:204)
	at org.openqa.selenium.remote.ErrorHandler.throwIfResponseFailed(ErrorHandler.java:156)
	at org.openqa.selenium.remote.RemoteWebDriver.execute(RemoteWebDriver.java:605)
	at org.openqa.selenium.remote.RemoteWebDriver.findElement(RemoteWebDriver.java:358)
	at org.openqa.selenium.remote.RemoteWebDriver.findElementByXPath(RemoteWebDriver.java:455)
	at org.openqa.selenium.By$ByXPath.findElement(By.java:358)
	at org.openqa.selenium.remote.RemoteWebDriver.findElement(RemoteWebDriver.java:350)
	at org.openqa.selenium.support.pagefactory.DefaultElementLocator.findElement(DefaultElementLocator.java:69)
	at org.openqa.selenium.support.pagefactory.internal.LocatingElementHandler.invoke(LocatingElementHandler.java:38)
	at com.sun.proxy.$Proxy7.click(Unknown Source)
	at pages.AbstractPage.click(AbstractPage.java:61)
	at pages.LoginPage.clickLoginButton(LoginPage.java:39)
	at pages.LoginPage.login(LoginPage.java:48)
	at contacts.TM_Contact_001.TC_JOOMLA_Contact_001(TM_Contact_001.java:40)
... Removed 28 stack frames</div></td></tr></table><p class="totop"><a href="#summary">back to summary</a></p><h3 id="m47">contacts.TM_Contact_001#TC_JOOMLA_Contact_002</h3><table class="result"><tr><th>Exception</th></tr><tr><td><div class="stacktrace">java.lang.NullPointerException
	at contacts.TM_Contact_001.TC_JOOMLA_Contact_002(TM_Contact_001.java:64)
... Removed 24 stack frames</div></td></tr></table><p class="totop"><a href="#summary">back to summary</a></p><h3 id="m48">contacts.TM_Contact_001#TC_JOOMLA_Contact_005</h3><table class="result"><tr><th>Exception</th></tr><tr><td><div class="stacktrace">java.lang.NullPointerException
	at contacts.TM_Contact_001.TC_JOOMLA_Contact_005(TM_Contact_001.java:84)
... Removed 24 stack frames</div></td></tr></table><p class="totop"><a href="#summary">back to summary</a></p><h3 id="m49">contacts.TM_Contact_001#TC_JOOMLA_Contact_007</h3><table class="result"><tr><th>Exception</th></tr><tr><td><div class="stacktrace">java.lang.NullPointerException
	at contacts.TM_Contact_001.TC_JOOMLA_Contact_007(TM_Contact_001.java:99)
... Removed 24 stack frames</div></td></tr></table><p class="totop"><a href="#summary">back to summary</a></p><h3 id="m50">contacts.TM_Contact_001#TC_JOOMLA_Contact_008</h3><table class="result"><tr><th>Exception</th></tr><tr><td><div class="stacktrace">java.lang.NullPointerException
	at contacts.TM_Contact_001.TC_JOOMLA_Contact_008(TM_Contact_001.java:114)
... Removed 24 stack frames</div></td></tr></table><p class="totop"><a href="#summary">back to summary</a></p><h3 id="m51">contacts.TM_Contact_003#TC_JOOMLA_Contact_010</h3><table class="result"><tr><th>Exception</th></tr><tr><td><div class="stacktrace">org.openqa.selenium.NoSuchWindowException: no such window: target window already closed
from unknown error: web view not found
  (Session info: chrome=43.0.2357.130)
  (Driver info: chromedriver=2.16.333243 (0bfa1d3575fc1044244f21ddb82bf870944ef961),platform=Windows NT 6.1 x86_64) (WARNING: The server did not provide any stacktrace information)
Command duration or timeout: 14 milliseconds
Build info: version: &apos;2.46.0&apos;, revision: &apos;87c69e2&apos;, time: &apos;2015-06-04 16:16:47&apos;
System info: host: &apos;LGDN-PC&apos;, ip: &apos;192.168.190.215&apos;, os.name: &apos;Windows 7&apos;, os.arch: &apos;amd64&apos;, os.version: &apos;6.1&apos;, java.version: &apos;1.8.0_40&apos;
Driver info: org.openqa.selenium.chrome.ChromeDriver
Capabilities [{applicationCacheEnabled=false, rotatable=false, mobileEmulationEnabled=false, chrome={userDataDir=C:\Users\LGDN\AppData\Local\Temp\scoped_dir6484_21019}, takesHeapSnapshot=true, databaseEnabled=false, handlesAlerts=true, hasTouchScreen=false, version=43.0.2357.130, platform=XP, browserConnectionEnabled=false, nativeEvents=true, acceptSslCerts=true, locationContextEnabled=true, webStorageEnabled=true, browserName=chrome, takesScreenshot=true, javascriptEnabled=true, cssSelectorsEnabled=true}]
Session ID: 18790e2ec440586874ba6ebedaead942
*** Element info: {Using=xpath, value=//li[@id=&apos;toolbar-new&apos;]/a/span}
	at org.openqa.selenium.remote.ErrorHandler.createThrowable(ErrorHandler.java:204)
	at org.openqa.selenium.remote.ErrorHandler.throwIfResponseFailed(ErrorHandler.java:156)
	at org.openqa.selenium.remote.RemoteWebDriver.execute(RemoteWebDriver.java:605)
	at org.openqa.selenium.remote.RemoteWebDriver.findElement(RemoteWebDriver.java:358)
	at org.openqa.selenium.remote.RemoteWebDriver.findElementByXPath(RemoteWebDriver.java:455)
	at org.openqa.selenium.By$ByXPath.findElement(By.java:358)
	at org.openqa.selenium.remote.RemoteWebDriver.findElement(RemoteWebDriver.java:350)
	at org.openqa.selenium.support.pagefactory.DefaultElementLocator.findElement(DefaultElementLocator.java:69)
	at org.openqa.selenium.support.pagefactory.internal.LocatingElementHandler.invoke(LocatingElementHandler.java:38)
	at com.sun.proxy.$Proxy7.click(Unknown Source)
	at pages.AbstractPage.click(AbstractPage.java:61)
	at pages.ContactsPage.clickOnNewbutton(ContactsPage.java:31)
	at contacts.TM_Contact_003.TC_JOOMLA_Contact_010(TM_Contact_003.java:41)
... Removed 28 stack frames</div></td></tr></table><p class="totop"><a href="#summary">back to summary</a></p><h3 id="m52">contacts.TM_Contact_003#TC_JOOMLA_Contacta_009</h3><table class="result"><tr><th>Exception</th></tr><tr><td><div class="stacktrace">org.openqa.selenium.NoSuchWindowException: no such window: target window already closed
from unknown error: web view not found
  (Session info: chrome=43.0.2357.130)
  (Driver info: chromedriver=2.16.333243 (0bfa1d3575fc1044244f21ddb82bf870944ef961),platform=Windows NT 6.1 x86_64) (WARNING: The server did not provide any stacktrace information)
Command duration or timeout: 2 milliseconds
Build info: version: &apos;2.46.0&apos;, revision: &apos;87c69e2&apos;, time: &apos;2015-06-04 16:16:47&apos;
System info: host: &apos;LGDN-PC&apos;, ip: &apos;192.168.190.215&apos;, os.name: &apos;Windows 7&apos;, os.arch: &apos;amd64&apos;, os.version: &apos;6.1&apos;, java.version: &apos;1.8.0_40&apos;
Driver info: org.openqa.selenium.chrome.ChromeDriver
Capabilities [{applicationCacheEnabled=false, rotatable=false, mobileEmulationEnabled=false, chrome={userDataDir=C:\Users\LGDN\AppData\Local\Temp\scoped_dir6484_21019}, takesHeapSnapshot=true, databaseEnabled=false, handlesAlerts=true, hasTouchScreen=false, version=43.0.2357.130, platform=XP, browserConnectionEnabled=false, nativeEvents=true, acceptSslCerts=true, locationContextEnabled=true, webStorageEnabled=true, browserName=chrome, takesScreenshot=true, javascriptEnabled=true, cssSelectorsEnabled=true}]
Session ID: 18790e2ec440586874ba6ebedaead942
*** Element info: {Using=xpath, value=//li[@id=&apos;toolbar-new&apos;]/a/span}
	at org.openqa.selenium.remote.ErrorHandler.createThrowable(ErrorHandler.java:204)
	at org.openqa.selenium.remote.ErrorHandler.throwIfResponseFailed(ErrorHandler.java:156)
	at org.openqa.selenium.remote.RemoteWebDriver.execute(RemoteWebDriver.java:605)
	at org.openqa.selenium.remote.RemoteWebDriver.findElement(RemoteWebDriver.java:358)
	at org.openqa.selenium.remote.RemoteWebDriver.findElementByXPath(RemoteWebDriver.java:455)
	at org.openqa.selenium.By$ByXPath.findElement(By.java:358)
	at org.openqa.selenium.remote.RemoteWebDriver.findElement(RemoteWebDriver.java:350)
	at org.openqa.selenium.support.pagefactory.DefaultElementLocator.findElement(DefaultElementLocator.java:69)
	at org.openqa.selenium.support.pagefactory.internal.LocatingElementHandler.invoke(LocatingElementHandler.java:38)
	at com.sun.proxy.$Proxy7.click(Unknown Source)
	at pages.AbstractPage.click(AbstractPage.java:61)
	at pages.ContactsPage.clickOnNewbutton(ContactsPage.java:31)
	at contacts.TM_Contact_003.TC_JOOMLA_Contacta_009(TM_Contact_003.java:67)
... Removed 28 stack frames</div></td></tr></table><p class="totop"><a href="#summary">back to summary</a></p><h3 id="m53">weblinks.TM_Weblink_002#TC_JOOMLA_WEBLINKS_003</h3><table class="result"><tr><th>Exception</th></tr><tr><td><div class="stacktrace">org.openqa.selenium.NoSuchWindowException: no such window: target window already closed
from unknown error: web view not found
  (Session info: chrome=43.0.2357.130)
  (Driver info: chromedriver=2.16.333243 (0bfa1d3575fc1044244f21ddb82bf870944ef961),platform=Windows NT 6.1 x86_64) (WARNING: The server did not provide any stacktrace information)
Command duration or timeout: 3 milliseconds
Build info: version: &apos;2.46.0&apos;, revision: &apos;87c69e2&apos;, time: &apos;2015-06-04 16:16:47&apos;
System info: host: &apos;LGDN-PC&apos;, ip: &apos;192.168.190.215&apos;, os.name: &apos;Windows 7&apos;, os.arch: &apos;amd64&apos;, os.version: &apos;6.1&apos;, java.version: &apos;1.8.0_40&apos;
Driver info: org.openqa.selenium.chrome.ChromeDriver
Capabilities [{applicationCacheEnabled=false, rotatable=false, mobileEmulationEnabled=false, chrome={userDataDir=C:\Users\LGDN\AppData\Local\Temp\scoped_dir6996_7794}, takesHeapSnapshot=true, databaseEnabled=false, handlesAlerts=true, hasTouchScreen=false, version=43.0.2357.130, platform=XP, browserConnectionEnabled=false, nativeEvents=true, acceptSslCerts=true, locationContextEnabled=true, webStorageEnabled=true, browserName=chrome, takesScreenshot=true, javascriptEnabled=true, cssSelectorsEnabled=true}]
Session ID: 15a8f7954adf10b3fb74ac27e129e6a0
*** Element info: {Using=xpath, value=//a[contains(text(),&apos;Components&apos;)]}
	at org.openqa.selenium.remote.ErrorHandler.createThrowable(ErrorHandler.java:204)
	at org.openqa.selenium.remote.ErrorHandler.throwIfResponseFailed(ErrorHandler.java:156)
	at org.openqa.selenium.remote.RemoteWebDriver.execute(RemoteWebDriver.java:605)
	at org.openqa.selenium.remote.RemoteWebDriver.findElement(RemoteWebDriver.java:358)
	at org.openqa.selenium.remote.RemoteWebDriver.findElementByXPath(RemoteWebDriver.java:455)
	at org.openqa.selenium.By$ByXPath.findElement(By.java:358)
	at org.openqa.selenium.remote.RemoteWebDriver.findElement(RemoteWebDriver.java:350)
	at pages.AbstractPage.selectMenuItem(AbstractPage.java:161)
	at pages.HomePage.gotoWebLink(HomePage.java:37)
	at weblinks.TM_Weblink_002.TC_JOOMLA_WEBLINKS_003(TM_Weblink_002.java:37)
... Removed 28 stack frames</div></td></tr></table><p class="totop"><a href="#summary">back to summary</a></p><h3 id="m54">weblinks.TM_Weblink_002#TC_JOOMLA_WEBLINKS_007</h3><table class="result"><tr><th>Exception</th></tr><tr><td><div class="stacktrace">java.lang.NullPointerException
	at weblinks.TM_Weblink_002.TC_JOOMLA_WEBLINKS_007(TM_Weblink_002.java:65)
... Removed 24 stack frames</div></td></tr></table><p class="totop"><a href="#summary">back to summary</a></p><h3 id="m55">contacts.TM_Contact_002#TC_JOOMLA_Contact_003</h3><table class="result"></table><p class="totop"><a href="#summary">back to summary</a></p><h3 id="m56">contacts.TM_Contact_002#TC_JOOMLA_Contact_004</h3><table class="result"></table><p class="totop"><a href="#summary">back to summary</a></p><h3 id="m57">contacts.TM_Contact_002#TC_JOOMLA_Contact_015</h3><table class="result"></table><p class="totop"><a href="#summary">back to summary</a></p><h3 id="m58">contacts.TM_Contact_004#TC_JOOMLA_Contact_006</h3><table class="result"><tr class="param"><th>Parameter #1</th></tr><tr class="param stripe"><td>chrome</td></tr></table><p class="totop"><a href="#summary">back to summary</a></p><h3 id="m59">contacts.TM_Contact_004#TC_JOOMLA_Contact_014</h3><table class="result"></table><p class="totop"><a href="#summary">back to summary</a></p><h3 id="m60">contacts.TM_Contact_004#TC_JOOMLA_Contact_016</h3><table class="result"></table><p class="totop"><a href="#summary">back to summary</a></p><h3 id="m61">weblinks.TM_Weblink_001#TC_JOOMLA_WEBLINKS_001</h3><table class="result"></table><p class="totop"><a href="#summary">back to summary</a></p><h3 id="m62">weblinks.TM_Weblink_001#TC_JOOMLA_WEBLINKS_002</h3><table class="result"></table><p class="totop"><a href="#summary">back to summary</a></p><h3 id="m63">weblinks.TM_Weblink_001#TC_JOOMLA_WEBLINKS_008</h3><table class="result"></table><p class="totop"><a href="#summary">back to summary</a></p><h3 id="m64">weblinks.TM_Weblink_001#TC_JOOMLA_WEBLINKS_009</h3><table class="result"></table><p class="totop"><a href="#summary">back to summary</a></p><h3 id="m65">weblinks.TM_Weblink_001#TC_JOOMLA_WEBLINKS_010</h3><table class="result"></table><p class="totop"><a href="#summary">back to summary</a></p><h3 id="m66">weblinks.TM_Weblink_001#TC_JOOMLA_WEBLINKS_011</h3><table class="result"></table><p class="totop"><a href="#summary">back to summary</a></p><h3 id="m67">weblinks.TM_Weblink_003#TC_JOOMLA_WEBLINKS_004</h3><table class="result"></table><p class="totop"><a href="#summary">back to summary</a></p><h3 id="m68">weblinks.TM_Weblink_003#TC_JOOMLA_WEBLINKS_005</h3><table class="result"></table><p class="totop"><a href="#summary">back to summary</a></p><h3 id="m69">weblinks.TM_Weblink_004#TC_JOOMLA_WEBLINKS_006</h3><table class="result"><tr class="param"><th>Parameter #1</th></tr><tr class="param stripe"><td>chrome</td></tr></table><p class="totop"><a href="#summary">back to summary</a></p><h3 id="m70">weblinks.TM_Weblink_004#TC_JOOMLA_WEBLINKS_012</h3><table class="result"></table><p class="totop"><a href="#summary">back to summary</a></p><h3 id="m71">weblinks.TM_Weblink_004#TC_JOOMLA_WEBLINKS_014</h3><table class="result"></table><p class="totop"><a href="#summary">back to summary</a></p><h3 id="m72">weblinks.TM_Weblink_004#TC_JOOMLA_WEBLINKS_015</h3><table class="result"></table><p class="totop"><a href="#summary">back to summary</a></p><h3 id="m73">weblinks.TM_Weblink_004#TC_JOOMLA_WEBLINKS_016</h3><table class="result"></table><p class="totop"><a href="#summary">back to summary</a></p><h3 id="m74">article.TM_Article_001#TC_JOOMLA_Article_001</h3><table class="result"></table><p class="totop"><a href="#summary">back to summary</a></p><h3 id="m75">article.TM_Article_002#TC_JOOMLA_Article_005</h3><table class="result"></table><p class="totop"><a href="#summary">back to summary</a></p><h3 id="m76">article.TM_Article_002#TC_JOOMLA_Article_011</h3><table class="result"></table><p class="totop"><a href="#summary">back to summary</a></p><h3 id="m77">article.TM_Article_003#TC_JOOMLA_Article_004</h3><table class="result"></table><p class="totop"><a href="#summary">back to summary</a></p><h3 id="m78">article.TM_Article_003#TC_JOOMLA_Article_007</h3><table class="result"></table><p class="totop"><a href="#summary">back to summary</a></p><h3 id="m79">article.TM_Article_004#TC_JOOMLA_Article_003</h3><table class="result"></table><p class="totop"><a href="#summary">back to summary</a></p><h3 id="m80">article.TM_Article_004#TC_JOOMLA_Article_015</h3><table class="result"></table><p class="totop"><a href="#summary">back to summary</a></p><h3 id="m81">article.TM_Article_005#TC_JOOMLA_Article_006</h3><table class="result"><tr class="param"><th>Parameter #1</th></tr><tr class="param stripe"><td>chrome</td></tr></table><p class="totop"><a href="#summary">back to summary</a></p><h3 id="m82">article.TM_Article_005#TC_JOOMLA_Article_008</h3><table class="result"></table><p class="totop"><a href="#summary">back to summary</a></p><h3 id="m83">article.TM_Article_006#TC_JOOMLA_Article_017</h3><table class="result"></table><p class="totop"><a href="#summary">back to summary</a></p><h3 id="m84">article.TM_Article_006#TC_JOOMLA_Articles_016</h3><table class="result"></table><p class="totop"><a href="#summary">back to summary</a></p><h3 id="m85">bannerclients.TM_BannerClient_001#TC_JOOMLA_BANNERS_CLIENTS_001</h3><table class="result"></table><p class="totop"><a href="#summary">back to summary</a></p><h3 id="m86">bannerclients.TM_BannerClient_001#TC_JOOMLA_BANNERS_CLIENTS_003</h3><table class="result"></table><p class="totop"><a href="#summary">back to summary</a></p><h3 id="m87">bannerclients.TM_BannerClient_001#TC_JOOMLA_BANNERS_CLIENTS_005</h3><table class="result"></table><p class="totop"><a href="#summary">back to summary</a></p><h3 id="m88">bannerclients.TM_BannerClient_001#TC_JOOMLA_BANNERS_CLIENTS_007</h3><table class="result"></table><p class="totop"><a href="#summary">back to summary</a></p><h3 id="m89">bannerclients.TM_BannerClient_001#TC_JOOMLA_BANNERS_CLIENTS_008</h3><table class="result"></table><p class="totop"><a href="#summary">back to summary</a></p><h3 id="m90">bannerclients.TM_BannerClient_001#TC_JOOMLA_BANNERS_CLIENTS_009</h3><table class="result"></table><p class="totop"><a href="#summary">back to summary</a></p><h3 id="m91">bannerclients.TM_BannerClient_001#TC_JOOMLA_BANNERS_CLIENTS_014</h3><table class="result"></table><p class="totop"><a href="#summary">back to summary</a></p><h3 id="m92">bannerclients.TM_BannerClient_001#TC_JOOMLA_BANNERS_CLIENTS_015</h3><table class="result"></table><p class="totop"><a href="#summary">back to summary</a></p><h3 id="m93">bannerclients.TM_BannerClient_002#TC_JOOMLA_BANNERS_CLIENTS_002</h3><table class="result"></table><p class="totop"><a href="#summary">back to summary</a></p><h3 id="m94">bannerclients.TM_BannerClient_002#TC_JOOMLA_BANNERS_CLIENTS_004</h3><table class="result"></table><p class="totop"><a href="#summary">back to summary</a></p><h3 id="m95">bannerclients.TM_BannerClient_002#TC_JOOMLA_BANNERS_CLIENTS_006</h3><table class="result"></table><p class="totop"><a href="#summary">back to summary</a></p><h3 id="m96">bannerclients.TM_BannerClient_003#TC_JOOMLA_BANNERS_CLIENTS_010</h3><table class="result"><tr class="param"><th>Parameter #1</th></tr><tr class="param stripe"><td>chrome</td></tr></table><p class="totop"><a href="#summary">back to summary</a></p><h3 id="m97">bannerclients.TM_BannerClient_003#TC_JOOMLA_BANNERS_CLIENTS_011</h3><table class="result"></table><p class="totop"><a href="#summary">back to summary</a></p><h3 id="m98">bannerclients.TM_BannerClient_003#TC_JOOMLA_BANNERS_CLIENTS_012</h3><table class="result"></table><p class="totop"><a href="#summary">back to summary</a></p><h3 id="m99">bannerclients.TM_BannerClient_003#TC_JOOMLA_BANNERS_CLIENTS_013</h3><table class="result"></table><p class="totop"><a href="#summary">back to summary</a></p><h3 id="m100">categorymanager.TM_CategoryManager_001#TC_JOOMLA_CategoryManager_001</h3><table class="result"></table><p class="totop"><a href="#summary">back to summary</a></p><h3 id="m101">categorymanager.TM_CategoryManager_001#TC_JOOMLA_CategoryManager_002</h3><table class="result"></table><p class="totop"><a href="#summary">back to summary</a></p><h3 id="m102">categorymanager.TM_CategoryManager_001#TC_JOOMLA_CategoryManager_005</h3><table class="result"></table><p class="totop"><a href="#summary">back to summary</a></p><h3 id="m103">categorymanager.TM_CategoryManager_001#TC_JOOMLA_CategoryManager_006</h3><table class="result"></table><p class="totop"><a href="#summary">back to summary</a></p><h3 id="m104">categorymanager.TM_CategoryManager_001#TC_JOOMLA_CategoryManager_007</h3><table class="result"></table><p class="totop"><a href="#summary">back to summary</a></p><h3 id="m105">categorymanager.TM_CategoryManager_001#TC_JOOMLA_CategoryManager_011</h3><table class="result"></table><p class="totop"><a href="#summary">back to summary</a></p><h3 id="m106">categorymanager.TM_CategoryManager_002#TC_JOOMLA_CategoryManager_003</h3><table class="result"></table><p class="totop"><a href="#summary">back to summary</a></p><h3 id="m107">categorymanager.TM_CategoryManager_002#TC_JOOMLA_CategoryManager_004</h3><table class="result"></table><p class="totop"><a href="#summary">back to summary</a></p><h3 id="m108">categorymanager.TM_CategoryManager_002#TC_JOOMLA_CategoryManager_008</h3><table class="result"></table><p class="totop"><a href="#summary">back to summary</a></p><h3 id="m109">categorymanager.TM_CategoryManager_002#TC_JOOMLA_CategoryManager_012</h3><table class="result"></table><p class="totop"><a href="#summary">back to summary</a></p><h3 id="m110">categorymanager.TM_CategoryManager_003#TC_JOOMLA_CategoryManager_010</h3><table class="result"></table><p class="totop"><a href="#summary">back to summary</a></p><h3 id="m111">categorymanager.TM_CategoryManager_003#TC_JOOMLA_CategoryManger_009</h3><table class="result"></table><p class="totop"><a href="#summary">back to summary</a></p><h3 id="m112">categorymanager.TM_CategoryManager_004#TC_JOOMLA_CategoryManager_013</h3><table class="result"></table><p class="totop"><a href="#summary">back to summary</a></p></body></html>